\BOOKMARK [0][]{chapter.1}{\376\377\0001\000\040\171\321\170\024\145\345\137\327}{}% 1
\BOOKMARK [1][]{section.1.1}{\376\377\0001\000.\0001\000\040\0002\0000\0001\0009\000.\0001\0000\000.\0001\0002}{chapter.1}% 2
\BOOKMARK [1][]{section.1.2}{\376\377\0001\000.\0002\000\040\0002\0000\0001\0009\000.\0001\0000\000.\0001\0003}{chapter.1}% 3
\BOOKMARK [1][]{section.1.3}{\376\377\0001\000.\0003\000\040\0002\0000\0001\0009\000.\0001\0000\000.\0001\0004}{chapter.1}% 4
\BOOKMARK [1][]{section.1.4}{\376\377\0001\000.\0004\000\040\0002\0000\0001\0009\000.\0001\0000\000.\0001\0005}{chapter.1}% 5
\BOOKMARK [1][]{section.1.5}{\376\377\0001\000.\0005\000\040\0002\0000\0001\0009\000.\0001\0000\000.\0001\0006}{chapter.1}% 6
\BOOKMARK [1][]{section.1.6}{\376\377\0001\000.\0006\000\040\0002\0000\0001\0009\000.\0001\0000\000.\0001\0007}{chapter.1}% 7
\BOOKMARK [1][]{section.1.7}{\376\377\0001\000.\0007\000\040\0002\0000\0001\0009\000.\0001\0000\000.\0001\0008}{chapter.1}% 8
\BOOKMARK [1][]{section.1.8}{\376\377\0001\000.\0008\000\040\0002\0000\0001\0009\000.\0001\0000\000.\0001\0009}{chapter.1}% 9
\BOOKMARK [1][]{section.1.9}{\376\377\0001\000.\0009\000\040\0002\0000\0001\0009\000.\0001\0000\000.\0002\0000}{chapter.1}% 10
\BOOKMARK [1][]{section.1.10}{\376\377\0001\000.\0001\0000\000\040\0002\0000\0001\0009\000.\0001\0000\000.\0002\0001}{chapter.1}% 11
\BOOKMARK [1][]{section.1.11}{\376\377\0001\000.\0001\0001\000\040\0002\0000\0001\0009\000.\0001\0000\000.\0002\0002}{chapter.1}% 12
\BOOKMARK [1][]{section.1.12}{\376\377\0001\000.\0001\0002\000\040\0002\0000\0001\0009\000.\0001\0000\000.\0002\0003}{chapter.1}% 13
\BOOKMARK [1][]{section.1.13}{\376\377\0001\000.\0001\0003\000\040\0002\0000\0001\0009\000.\0001\0000\000.\0002\0004}{chapter.1}% 14
\BOOKMARK [1][]{section.1.14}{\376\377\0001\000.\0001\0004\000\040\0002\0000\0001\0009\000.\0001\0000\000.\0002\0005}{chapter.1}% 15
\BOOKMARK [1][]{section.1.15}{\376\377\0001\000.\0001\0005\000\040\0002\0000\0001\0009\000.\0001\0000\000.\0002\0007}{chapter.1}% 16
\BOOKMARK [1][]{section.1.16}{\376\377\0001\000.\0001\0006\000\040\0002\0000\0001\0009\000.\0001\0000\000.\0002\0008}{chapter.1}% 17
\BOOKMARK [1][]{section.1.17}{\376\377\0001\000.\0001\0007\000\040\0002\0000\0001\0009\000.\0001\0000\000.\0002\0009}{chapter.1}% 18
\BOOKMARK [1][]{section.1.18}{\376\377\0001\000.\0001\0008\000\040\0002\0000\0001\0009\000.\0001\0000\000.\0003\0000}{chapter.1}% 19
\BOOKMARK [1][]{section.1.19}{\376\377\0001\000.\0001\0009\000\040\0002\0000\0001\0009\000.\0001\0000\000.\0003\0001}{chapter.1}% 20
\BOOKMARK [1][]{section.1.20}{\376\377\0001\000.\0002\0000\000\040\0002\0000\0001\0009\000.\0001\0001\000.\0000\0001}{chapter.1}% 21
\BOOKMARK [1][]{section.1.21}{\376\377\0001\000.\0002\0001\000\040\0002\0000\0001\0009\000.\0001\0001\000.\0000\0002}{chapter.1}% 22
\BOOKMARK [1][]{section.1.22}{\376\377\0001\000.\0002\0002\000\040\0002\0000\0001\0009\000.\0001\0001\000.\0000\0004}{chapter.1}% 23
\BOOKMARK [1][]{section.1.23}{\376\377\0001\000.\0002\0003\000\040\0002\0000\0001\0009\000.\0001\0001\000.\0000\0005}{chapter.1}% 24
\BOOKMARK [0][]{chapter.2}{\376\377\0002\000\040\127\372\116\216\215\050\221\317\210\150\166\204\150\070\133\120\166\370\116\222\117\134\165\050}{}% 25
\BOOKMARK [1][]{section.2.1}{\376\377\0002\000.\0001\000\040\137\025\212\000}{chapter.2}% 26
\BOOKMARK [1][]{section.2.2}{\376\377\0002\000.\0002\000\040\000m\000a\000s\000s\000-\000d\000a\000t\000e\000-\000b\000a\000s\000e\000d\166\370\116\222\117\134\165\050}{chapter.2}% 27
\BOOKMARK [2][]{subsection.2.2.1}{\376\377\0002\000.\0002\000.\0001\000\040\000V\0001\000p\000-\0001\000n\166\370\116\222\117\134\165\050}{section.2.2}% 28
\BOOKMARK [2][]{subsection.2.2.2}{\376\377\0002\000.\0002\000.\0002\000\040\000V\000i\000p\000-\000j\000n\166\370\116\222\117\134\165\050}{section.2.2}% 29
\BOOKMARK [2][]{subsection.2.2.3}{\376\377\0002\000.\0002\000.\0003\000\040\124\014\174\173\150\070\133\120\225\364\166\204\166\370\116\222\117\134\165\050}{section.2.2}% 30
\BOOKMARK [1][]{section.2.3}{\376\377\0002\000.\0003\000\040\000m\000a\000s\000s\000-\000d\000a\000t\000e\000-\000b\000a\000s\000e\000d\166\370\116\222\117\134\165\050\166\204\176\337\213\241\211\304\137\213}{chapter.2}% 31
\BOOKMARK [0][]{chapter.3}{\376\377\0003\000\040\000E\000x\000a\000c\000t\000l\000y\000\040\000s\000o\000l\000v\000a\000b\000l\000e\000\040\000m\000o\000d\000e\000l\000s\000\040\000o\000f\000\040\000n\000u\000c\000l\000e\000i}{}% 32
\BOOKMARK [1][]{section.3.1}{\376\377\0003\000.\0001\000\040\000I\000n\000t\000r\000o\000d\000u\000c\000t\000i\000o\000n}{chapter.3}% 33
\BOOKMARK [1][]{section.3.2}{\376\377\0003\000.\0002\000\040\000A\000n\000\040\000a\000l\000g\000e\000b\000r\000a\000i\000c\000\040\000f\000o\000r\000m\000u\000l\000a\000t\000i\000o\000n\000\040\000o\000f\000\040\000t\000h\000e\000\040\000q\000u\000a\000n\000t\000a\000l\000\040\000n\000-\000b\000o\000d\000y\000\040\000p\000r\000o\000b\000l\000e\000m}{chapter.3}% 34
\BOOKMARK [1][]{section.3.3}{\376\377\0003\000.\0003\000\040\000T\000h\000e\000\040\000n\000u\000c\000l\000e\000a\000r\000\040\000s\000h\000e\000l\000l\000\040\000m\000o\000d\000e\000l}{chapter.3}% 35
\BOOKMARK [2][]{subsection.3.3.1}{\376\377\0003\000.\0003\000.\0001\000\040\000R\000a\000c\000a\000h\000'\000s\000\040\000s\000e\000n\000i\000o\000r\000i\000t\000y\000\040\000m\000o\000d\000e\000l}{section.3.3}% 36
\BOOKMARK [2][]{subsection.3.3.2}{\376\377\0003\000.\0003\000.\0002\000\040\000W\000i\000g\000n\000e\000r\000'\000s\000\040\000s\000u\000p\000e\000r\000m\000u\000l\000t\000i\000p\000l\000e\000t\000\040\000m\000o\000d\000e\000l}{section.3.3}% 37
\BOOKMARK [2][]{subsection.3.3.3}{\376\377\0003\000.\0003\000.\0003\000\040\000E\000l\000l\000i\000o\000t\000t\000'\000s\000\040\000r\000o\000t\000a\000t\000i\000o\000n\000\040\000m\000o\000d\000e\000l}{section.3.3}% 38
\BOOKMARK [2][]{subsection.3.3.4}{\376\377\0003\000.\0003\000.\0004\000\040\000T\000h\000e\000\040\000L\000i\000p\000k\000i\000n\000\040\000m\000o\000d\000e\000l}{section.3.3}% 39
\BOOKMARK [1][]{section.3.4}{\376\377\0003\000.\0004\000\040\000G\000e\000o\000m\000e\000t\000r\000i\000c\000\040\000c\000o\000l\000l\000e\000c\000t\000i\000v\000e\000\040\000m\000o\000d\000e\000l\000s}{chapter.3}% 40
\BOOKMARK [2][]{subsection.3.4.1}{\376\377\0003\000.\0004\000.\0001\000\040\000E\000x\000a\000c\000t\000l\000y\000\040\000s\000o\000l\000v\000a\000b\000l\000e\000\040\000c\000o\000l\000l\000e\000c\000t\000i\000v\000e\000\040\000m\000o\000d\000e\000l\000s}{section.3.4}% 41
\BOOKMARK [2][]{subsection.3.4.2}{\376\377\0003\000.\0004\000.\0002\000\040\000T\000r\000i\000a\000x\000i\000a\000l\000\040\000m\000o\000d\000e\000l\000s}{section.3.4}% 42
\BOOKMARK [2][]{subsection.3.4.3}{\376\377\0003\000.\0004\000.\0003\000\040\000G\000e\000o\000m\000e\000t\000r\000i\000c\000\040\000c\000o\000l\000l\000e\000c\000t\000i\000v\000e\000\040\000m\000o\000d\000e\000l\000s\000:\000\040\000a\000n\000\040\000a\000l\000g\000e\000b\000r\000a\000i\000c\000\040\000a\000p\000p\000r\000o\000a\000c\000h}{section.3.4}% 43
\BOOKMARK [1][]{section.3.5}{\376\377\0003\000.\0005\000\040\000T\000h\000e\000\040\000i\000n\000t\000e\000r\000a\000c\000t\000i\000n\000g\000\040\000b\000o\000s\000o\000n\000\040\000m\000o\000d\000e\000l}{chapter.3}% 44
\BOOKMARK [2][]{subsection.3.5.1}{\376\377\0003\000.\0005\000.\0001\000\040\000N\000e\000u\000t\000r\000o\000n\000s\000\040\000a\000n\000d\000\040\000p\000r\000o\000t\000o\000n\000s\000:\000\040\000F\000\040\000s\000p\000i\000n}{section.3.5}% 45
\BOOKMARK [2][]{subsection.3.5.2}{\376\377\0003\000.\0005\000.\0002\000\040\000N\000e\000u\000t\000r\000o\000n\000s\000\040\000a\000n\000d\000\040\000p\000r\000o\000t\000o\000n\000s\000:\000\040\000I\000s\000o\000s\000p\000i\000n}{section.3.5}% 46
\BOOKMARK [2][]{subsection.3.5.3}{\376\377\0003\000.\0005\000.\0003\000\040\000S\000u\000p\000e\000r\000s\000y\000m\000m\000e\000t\000r\000y}{section.3.5}% 47
\BOOKMARK [1][]{section.3.6}{\376\377\0003\000.\0006\000\040\000B\000e\000y\000o\000n\000d\000\040\000e\000x\000a\000c\000t\000\040\000s\000o\000l\000v\000a\000b\000i\000l\000i\000t\000y}{chapter.3}% 48
\BOOKMARK [1][]{section.3.7}{\376\377\0003\000.\0007\000\040\000F\000u\000r\000t\000h\000e\000r\000\040\000r\000e\000a\000d\000i\000n\000g}{chapter.3}% 49
\BOOKMARK [1][]{section.3.8}{\376\377\0003\000.\0008\000\040\000A\000c\000k\000n\000o\000w\000l\000e\000d\000g\000e\000m\000e\000n\000t}{chapter.3}% 50
\BOOKMARK [0][]{chapter.4}{\376\377\0004\000\040\000m\000a\000s\000s\000\040\000p\000a\000p\000e\000r}{}% 51
\BOOKMARK [1][]{section.4.1}{\376\377\0004\000.\0001\000\040\000A\000b\000s\000t\000r\000a\000c\000t}{chapter.4}% 52
\BOOKMARK [1][]{section.4.2}{\376\377\0004\000.\0002\000\040\000I\000n\000t\000r\000o\000d\000u\000c\000t\000i\000o\000n}{chapter.4}% 53
\BOOKMARK [1][]{section.4.3}{\376\377\0004\000.\0003\000\040\000M\000a\000s\000s\000-\000d\000a\000t\000a\000-\000b\000a\000s\000e\000d\000\040\000r\000e\000s\000i\000d\000u\000a\000l\000\040\000n\000u\000c\000l\000e\000o\000n\000s\000\040\000i\000n\000t\000e\000r\000a\000c\000t\000i\000o\000n}{chapter.4}% 54
