This is pdfTeX, Version 3.14159265-2.6-1.40.20 (TeX Live 2019/W32TeX) (preloaded format=pdflatex 2019.8.30)  3 SEP 2019 20:12
entering extended mode
 restricted \write18 enabled.
 %&-line parsing enabled.
**dialog.tex
(./dialog.tex
LaTeX2e <2018-12-01>
! Undefined control sequence.
l.1 \chapter
            {ç§‘ç ”æ—¥å¿—}
The control sequence at the end of the top line
of your error message was never \def'ed. If you have
misspelled it (e.g., `\hobx'), type `I' and the correct
spelling (e.g., `I\hbox'). Otherwise just continue,
and I'll forget about whatever was undefined.


! Package inputenc Error: Unicode character ç§‘ (U+79D1)
(inputenc)                not set up for use with LaTeX.

See the inputenc package documentation for explanation.
Type  H <return>  for immediate help.
 ...                                              
                                                  
l.1 \chapter{ç§‘
                ç ”æ—¥å¿—}
You may provide a definition with
\DeclareUnicodeCharacter 


! Package inputenc Error: Unicode character ç ” (U+7814)
(inputenc)                not set up for use with LaTeX.

See the inputenc package documentation for explanation.
Type  H <return>  for immediate help.
 ...                                              
                                                  
l.1 \chapter{ç§‘ç ”
                   æ—¥å¿—}
You may provide a definition with
\DeclareUnicodeCharacter 


! Package inputenc Error: Unicode character æ—¥ (U+65E5)
(inputenc)                not set up for use with LaTeX.

See the inputenc package documentation for explanation.
Type  H <return>  for immediate help.
 ...                                              
                                                  
l.1 \chapter{ç§‘ç ”æ—¥
                      å¿—}
You may provide a definition with
\DeclareUnicodeCharacter 


! Package inputenc Error: Unicode character å¿— (U+5FD7)
(inputenc)                not set up for use with LaTeX.

See the inputenc package documentation for explanation.
Type  H <return>  for immediate help.
 ...                                              
                                                  
l.1 \chapter{ç§‘ç ”æ—¥å¿—
                         }
You may provide a definition with
\DeclareUnicodeCharacter 

! Undefined control sequence.
l.2 \section
            {2019.08.09}
The control sequence at the end of the top line
of your error message was never \def'ed. If you have
misspelled it (e.g., `\hobx'), type `I' and the correct
spelling (e.g., `I\hbox'). Otherwise just continue,
and I'll forget about whatever was undefined.


! LaTeX Error: Missing \begin{document}.

See the LaTeX manual or LaTeX Companion for explanation.
Type  H <return>  for immediate help.
 ...                                              
                                                  
l.2 \section{2
              019.08.09}
You're in trouble here.  Try typing  <return>  to proceed.
If that doesn't work, type  X <return>  to quit.

Missing character: There is no 2 in font nullfont!
Missing character: There is no 0 in font nullfont!
Missing character: There is no 1 in font nullfont!
Missing character: There is no 9 in font nullfont!
Missing character: There is no . in font nullfont!
Missing character: There is no 0 in font nullfont!
Missing character: There is no 8 in font nullfont!
Missing character: There is no . in font nullfont!
Missing character: There is no 0 in font nullfont!
Missing character: There is no 9 in font nullfont!

! Package inputenc Error: Unicode character ä»Š (U+4ECA)
(inputenc)                not set up for use with LaTeX.

See the inputenc package documentation for explanation.
Type  H <return>  for immediate help.
 ...                                              
                                                  
l.3 ä»Š
       å¤©çš„ä¸»è¦çš„ä¸»è¦å·¥ä½œæ˜¯å¯»æ‰¾ä¸€ä¸ªåˆé€‚çš„\TeX æ¨¡æ¿ï¼Œç”±ä...

You may provide a definition with
\DeclareUnicodeCharacter 


! Package inputenc Error: Unicode character å¤© (U+5929)
(inputenc)                not set up for use with LaTeX.

See the inputenc package documentation for explanation.
Type  H <return>  for immediate help.
 ...                                              
                                                  
l.3 ä»Šå¤©
          çš„ä¸»è¦çš„ä¸»è¦å·¥ä½œæ˜¯å¯»æ‰¾ä¸€ä¸ªåˆé€‚çš„\TeX æ¨¡æ¿ï¼Œç”±ä...

You may provide a definition with
\DeclareUnicodeCharacter 


! Package inputenc Error: Unicode character çš„ (U+7684)
(inputenc)                not set up for use with LaTeX.

See the inputenc package documentation for explanation.
Type  H <return>  for immediate help.
 ...                                              
                                                  
l.3 ä»Šå¤©çš„
             ä¸»è¦çš„ä¸»è¦å·¥ä½œæ˜¯å¯»æ‰¾ä¸€ä¸ªåˆé€‚çš„\TeX æ¨¡æ¿ï¼Œç”±ä...

You may provide a definition with
\DeclareUnicodeCharacter 


! Package inputenc Error: Unicode character ä¸» (U+4E3B)
(inputenc)                not set up for use with LaTeX.

See the inputenc package documentation for explanation.
Type  H <return>  for immediate help.
 ...                                              
                                                  
l.3 ä»Šå¤©çš„ä¸»
                è¦çš„ä¸»è¦å·¥ä½œæ˜¯å¯»æ‰¾ä¸€ä¸ªåˆé€‚çš„\TeX æ¨¡æ¿ï¼Œç”±ä...

You may provide a definition with
\DeclareUnicodeCharacter 


! Package inputenc Error: Unicode character è¦ (U+8981)
(inputenc)                not set up for use with LaTeX.

See the inputenc package documentation for explanation.
Type  H <return>  for immediate help.
 ...                                              
                                                  
l.3 ä»Šå¤©çš„ä¸»è¦
                   çš„ä¸»è¦å·¥ä½œæ˜¯å¯»æ‰¾ä¸€ä¸ªåˆé€‚çš„\TeX æ¨¡æ¿ï¼Œç”±ä...

You may provide a definition with
\DeclareUnicodeCharacter 


! Package inputenc Error: Unicode character çš„ (U+7684)
(inputenc)                not set up for use with LaTeX.

See the inputenc package documentation for explanation.
Type  H <return>  for immediate help.
 ...                                              
                                                  
l.3 ä»Šå¤©çš„ä¸»è¦çš„
                      ä¸»è¦å·¥ä½œæ˜¯å¯»æ‰¾ä¸€ä¸ªåˆé€‚çš„\TeX æ¨¡æ¿ï¼Œç”±ä...

You may provide a definition with
\DeclareUnicodeCharacter 


! Package inputenc Error: Unicode character ä¸» (U+4E3B)
(inputenc)                not set up for use with LaTeX.

See the inputenc package documentation for explanation.
Type  H <return>  for immediate help.
 ...                                              
                                                  
l.3 ä»Šå¤©çš„ä¸»è¦çš„ä¸»
                         è¦å·¥ä½œæ˜¯å¯»æ‰¾ä¸€ä¸ªåˆé€‚çš„\TeX æ¨¡æ¿ï¼Œç”±ä...

You may provide a definition with
\DeclareUnicodeCharacter 


! Package inputenc Error: Unicode character è¦ (U+8981)
(inputenc)                not set up for use with LaTeX.

See the inputenc package documentation for explanation.
Type  H <return>  for immediate help.
 ...                                              
                                                  
l.3 ä»Šå¤©çš„ä¸»è¦çš„ä¸»è¦
                            å·¥ä½œæ˜¯å¯»æ‰¾ä¸€ä¸ªåˆé€‚çš„\TeX æ¨¡æ¿ï¼Œç”±ä...

You may provide a definition with
\DeclareUnicodeCharacter 


! Package inputenc Error: Unicode character å·¥ (U+5DE5)
(inputenc)                not set up for use with LaTeX.

See the inputenc package documentation for explanation.
Type  H <return>  for immediate help.
 ...                                              
                                                  
l.3 ä»Šå¤©çš„ä¸»è¦çš„ä¸»è¦å·¥
                               ä½œæ˜¯å¯»æ‰¾ä¸€ä¸ªåˆé€‚çš„\TeX æ¨¡æ¿ï¼Œç”±ä...

You may provide a definition with
\DeclareUnicodeCharacter 


! Package inputenc Error: Unicode character ä½œ (U+4F5C)
(inputenc)                not set up for use with LaTeX.

See the inputenc package documentation for explanation.
Type  H <return>  for immediate help.
 ...                                              
                                                  
l.3 ä»Šå¤©çš„ä¸»è¦çš„ä¸»è¦å·¥ä½œ
                                  æ˜¯å¯»æ‰¾ä¸€ä¸ªåˆé€‚çš„\TeX æ¨¡æ¿ï¼Œç”±ä...

You may provide a definition with
\DeclareUnicodeCharacter 


! Package inputenc Error: Unicode character æ˜¯ (U+662F)
(inputenc)                not set up for use with LaTeX.

See the inputenc package documentation for explanation.
Type  H <return>  for immediate help.
 ...                                              
                                                  
l.3 ä»Šå¤©çš„ä¸»è¦çš„ä¸»è¦å·¥ä½œæ˜¯
                                     å¯»æ‰¾ä¸€ä¸ªåˆé€‚çš„\TeX æ¨¡æ¿ï¼Œç”±ä...

You may provide a definition with
\DeclareUnicodeCharacter 


! Package inputenc Error: Unicode character å¯» (U+5BFB)
(inputenc)                not set up for use with LaTeX.

See the inputenc package documentation for explanation.
Type  H <return>  for immediate help.
 ...                                              
                                                  
l.3 ä»Šå¤©çš„ä¸»è¦çš„ä¸»è¦å·¥ä½œæ˜¯å¯»
                                        æ‰¾ä¸€ä¸ªåˆé€‚çš„\TeX æ¨¡æ¿ï¼Œç”±ä...

You may provide a definition with
\DeclareUnicodeCharacter 


! Package inputenc Error: Unicode character æ‰¾ (U+627E)
(inputenc)                not set up for use with LaTeX.

See the inputenc package documentation for explanation.
Type  H <return>  for immediate help.
 ...                                              
                                                  
l.3 ä»Šå¤©çš„ä¸»è¦çš„ä¸»è¦å·¥ä½œæ˜¯å¯»æ‰¾
                                           ä¸€ä¸ªåˆé€‚çš„\TeX æ¨¡æ¿ï¼Œç”±ä...

You may provide a definition with
\DeclareUnicodeCharacter 


! Package inputenc Error: Unicode character ä¸€ (U+4E00)
(inputenc)                not set up for use with LaTeX.

See the inputenc package documentation for explanation.
Type  H <return>  for immediate help.
 ...                                              
                                                  
l.3 ä»Šå¤©çš„ä¸»è¦çš„ä¸»è¦å·¥ä½œæ˜¯å¯»æ‰¾ä¸€
                                              ä¸ªåˆé€‚çš„\TeX æ¨¡æ¿ï¼Œç”±ä...

You may provide a definition with
\DeclareUnicodeCharacter 


! Package inputenc Error: Unicode character ä¸ª (U+4E2A)
(inputenc)                not set up for use with LaTeX.

See the inputenc package documentation for explanation.
Type  H <return>  for immediate help.
 ...                                              
                                                  
l.3 ä»Šå¤©çš„ä¸»è¦çš„ä¸»è¦å·¥ä½œæ˜¯å¯»æ‰¾ä¸€ä¸ª
                                                 åˆé€‚çš„\TeX æ¨¡æ¿ï¼Œç”±ä...

You may provide a definition with
\DeclareUnicodeCharacter 


! Package inputenc Error: Unicode character åˆ (U+5408)
(inputenc)                not set up for use with LaTeX.

See the inputenc package documentation for explanation.
Type  H <return>  for immediate help.
 ...                                              
                                                  
l.3 ...©çš„ä¸»è¦çš„ä¸»è¦å·¥ä½œæ˜¯å¯»æ‰¾ä¸€ä¸ªåˆ
                                                  é€‚çš„\TeX æ¨¡æ¿ï¼Œç”±äº...

You may provide a definition with
\DeclareUnicodeCharacter 


! Package inputenc Error: Unicode character é€‚ (U+9002)
(inputenc)                not set up for use with LaTeX.

See the inputenc package documentation for explanation.
Type  H <return>  for immediate help.
 ...                                              
                                                  
l.3 ...„ä¸»è¦çš„ä¸»è¦å·¥ä½œæ˜¯å¯»æ‰¾ä¸€ä¸ªåˆé€‚
                                                  çš„\TeX æ¨¡æ¿ï¼Œç”±äºä»¥...

You may provide a definition with
\DeclareUnicodeCharacter 


! Package inputenc Error: Unicode character çš„ (U+7684)
(inputenc)                not set up for use with LaTeX.

See the inputenc package documentation for explanation.
Type  H <return>  for immediate help.
 ...                                              
                                                  
l.3 ...»è¦çš„ä¸»è¦å·¥ä½œæ˜¯å¯»æ‰¾ä¸€ä¸ªåˆé€‚çš„
                                                  \TeX æ¨¡æ¿ï¼Œç”±äºä»¥å‰...

You may provide a definition with
\DeclareUnicodeCharacter 

Missing character: There is no T in font nullfont!
Missing character: There is no E in font nullfont!
Missing character: There is no X in font nullfont!

! Package inputenc Error: Unicode character æ¨¡ (U+6A21)
(inputenc)                not set up for use with LaTeX.

See the inputenc package documentation for explanation.
Type  H <return>  for immediate help.
 ...                                              
                                                  
l.3 ...¸»è¦å·¥ä½œæ˜¯å¯»æ‰¾ä¸€ä¸ªåˆé€‚çš„\TeX æ¨¡
                                                  æ¿ï¼Œç”±äºä»¥å‰ä½¿ç”¨çš...

You may provide a definition with
\DeclareUnicodeCharacter 


! Package inputenc Error: Unicode character æ¿ (U+677F)
(inputenc)                not set up for use with LaTeX.

See the inputenc package documentation for explanation.
Type  H <return>  for immediate help.
 ...                                              
                                                  
l.3 ...¦å·¥ä½œæ˜¯å¯»æ‰¾ä¸€ä¸ªåˆé€‚çš„\TeX æ¨¡æ¿
                                                  ï¼Œç”±äºä»¥å‰ä½¿ç”¨çš„la...

You may provide a definition with
\DeclareUnicodeCharacter 


! Package inputenc Error: Unicode character ï¼Œ (U+FF0C)
(inputenc)                not set up for use with LaTeX.

See the inputenc package documentation for explanation.
Type  H <return>  for immediate help.
 ...                                              
                                                  
l.3 ...·¥ä½œæ˜¯å¯»æ‰¾ä¸€ä¸ªåˆé€‚çš„\TeX æ¨¡æ¿ï¼Œ
                                                  ç”±äºä»¥å‰ä½¿ç”¨çš„latex...

You may provide a definition with
\DeclareUnicodeCharacter 


! Package inputenc Error: Unicode character ç”± (U+7531)
(inputenc)                not set up for use with LaTeX.

See the inputenc package documentation for explanation.
Type  H <return>  for immediate help.
 ...                                              
                                                  
l.3 ...½œæ˜¯å¯»æ‰¾ä¸€ä¸ªåˆé€‚çš„\TeX æ¨¡æ¿ï¼Œç”±
                                                  äºä»¥å‰ä½¿ç”¨çš„latexæ¨¡...

You may provide a definition with
\DeclareUnicodeCharacter 


! Package inputenc Error: Unicode character äº (U+4E8E)
(inputenc)                not set up for use with LaTeX.

See the inputenc package documentation for explanation.
Type  H <return>  for immediate help.
 ...                                              
                                                  
l.3 ...˜¯å¯»æ‰¾ä¸€ä¸ªåˆé€‚çš„\TeX æ¨¡æ¿ï¼Œç”±äº
                                                  ä»¥å‰ä½¿ç”¨çš„latexæ¨¡æ¿...

You may provide a definition with
\DeclareUnicodeCharacter 


! Package inputenc Error: Unicode character ä»¥ (U+4EE5)
(inputenc)                not set up for use with LaTeX.

See the inputenc package documentation for explanation.
Type  H <return>  for immediate help.
 ...                                              
                                                  
l.3 ...¯»æ‰¾ä¸€ä¸ªåˆé€‚çš„\TeX æ¨¡æ¿ï¼Œç”±äºä»¥
                                                  å‰ä½¿ç”¨çš„latexæ¨¡æ¿åœ¨...

You may provide a definition with
\DeclareUnicodeCharacter 


! Package inputenc Error: Unicode character å‰ (U+524D)
(inputenc)                not set up for use with LaTeX.

See the inputenc package documentation for explanation.
Type  H <return>  for immediate help.
 ...                                              
                                                  
l.3 ...‰¾ä¸€ä¸ªåˆé€‚çš„\TeX æ¨¡æ¿ï¼Œç”±äºä»¥å‰
                                                  ä½¿ç”¨çš„latexæ¨¡æ¿åœ¨å¤„...

You may provide a definition with
\DeclareUnicodeCharacter 


! Package inputenc Error: Unicode character ä½¿ (U+4F7F)
(inputenc)                not set up for use with LaTeX.

See the inputenc package documentation for explanation.
Type  H <return>  for immediate help.
 ...                                              
                                                  
l.3 ...¸€ä¸ªåˆé€‚çš„\TeX æ¨¡æ¿ï¼Œç”±äºä»¥å‰ä½¿
                                                  ç”¨çš„latexæ¨¡æ¿åœ¨å¤„ç†...

You may provide a definition with
\DeclareUnicodeCharacter 


! Package inputenc Error: Unicode character ç”¨ (U+7528)
(inputenc)                not set up for use with LaTeX.

See the inputenc package documentation for explanation.
Type  H <return>  for immediate help.
 ...                                              
                                                  
l.3 ...¸ªåˆé€‚çš„\TeX æ¨¡æ¿ï¼Œç”±äºä»¥å‰ä½¿ç”¨
                                                  çš„latexæ¨¡æ¿åœ¨å¤„ç†åŒ…...

You may provide a definition with
\DeclareUnicodeCharacter 


! Package inputenc Error: Unicode character çš„ (U+7684)
(inputenc)                not set up for use with LaTeX.

See the inputenc package documentation for explanation.
Type  H <return>  for immediate help.
 ...                                              
                                                  
l.3 ...ˆé€‚çš„\TeX æ¨¡æ¿ï¼Œç”±äºä»¥å‰ä½¿ç”¨çš„
                                                  latexæ¨¡æ¿åœ¨å¤„ç†åŒ…å«...

You may provide a definition with
\DeclareUnicodeCharacter 

Missing character: There is no l in font nullfont!
Missing character: There is no a in font nullfont!
Missing character: There is no t in font nullfont!
Missing character: There is no e in font nullfont!
Missing character: There is no x in font nullfont!

! Package inputenc Error: Unicode character æ¨¡ (U+6A21)
(inputenc)                not set up for use with LaTeX.

See the inputenc package documentation for explanation.
Type  H <return>  for immediate help.
 ...                                              
                                                  
l.3 ...\TeX æ¨¡æ¿ï¼Œç”±äºä»¥å‰ä½¿ç”¨çš„latexæ¨¡
                                                  æ¿åœ¨å¤„ç†åŒ…å«å¤§é‡å›...

You may provide a definition with
\DeclareUnicodeCharacter 


! Package inputenc Error: Unicode character æ¿ (U+677F)
(inputenc)                not set up for use with LaTeX.

See the inputenc package documentation for explanation.
Type  H <return>  for immediate help.
 ...                                              
                                                  
l.3 ...X æ¨¡æ¿ï¼Œç”±äºä»¥å‰ä½¿ç”¨çš„latexæ¨¡æ¿
                                                  åœ¨å¤„ç†åŒ…å«å¤§é‡å›¾ç‰...

You may provide a definition with
\DeclareUnicodeCharacter 


! Package inputenc Error: Unicode character åœ¨ (U+5728)
(inputenc)                not set up for use with LaTeX.

See the inputenc package documentation for explanation.
Type  H <return>  for immediate help.
 ...                                              
                                                  
l.3 ...¨¡æ¿ï¼Œç”±äºä»¥å‰ä½¿ç”¨çš„latexæ¨¡æ¿åœ¨
                                                  å¤„ç†åŒ…å«å¤§é‡å›¾ç‰‡çš...

You may provide a definition with
\DeclareUnicodeCharacter 


! Package inputenc Error: Unicode character å¤„ (U+5904)
(inputenc)                not set up for use with LaTeX.

See the inputenc package documentation for explanation.
Type  H <return>  for immediate help.
 ...                                              
                                                  
l.3 ...¿ï¼Œç”±äºä»¥å‰ä½¿ç”¨çš„latexæ¨¡æ¿åœ¨å¤„
                                                  ç†åŒ…å«å¤§é‡å›¾ç‰‡çš„æ–...

You may provide a definition with
\DeclareUnicodeCharacter 


! Package inputenc Error: Unicode character ç† (U+7406)
(inputenc)                not set up for use with LaTeX.

See the inputenc package documentation for explanation.
Type  H <return>  for immediate help.
 ...                                              
                                                  
l.3 ...¼Œç”±äºä»¥å‰ä½¿ç”¨çš„latexæ¨¡æ¿åœ¨å¤„ç†
                                                  åŒ…å«å¤§é‡å›¾ç‰‡çš„æ–‡ä»...

You may provide a definition with
\DeclareUnicodeCharacter 


! Package inputenc Error: Unicode character åŒ… (U+5305)
(inputenc)                not set up for use with LaTeX.

See the inputenc package documentation for explanation.
Type  H <return>  for immediate help.
 ...                                              
                                                  
l.3 ...”±äºä»¥å‰ä½¿ç”¨çš„latexæ¨¡æ¿åœ¨å¤„ç†åŒ…
                                                  å«å¤§é‡å›¾ç‰‡çš„æ–‡ä»¶æ—...

You may provide a definition with
\DeclareUnicodeCharacter 


! Package inputenc Error: Unicode character å« (U+542B)
(inputenc)                not set up for use with LaTeX.

See the inputenc package documentation for explanation.
Type  H <return>  for immediate help.
 ...                                              
                                                  
l.3 ...ºä»¥å‰ä½¿ç”¨çš„latexæ¨¡æ¿åœ¨å¤„ç†åŒ…å«
                                                  å¤§é‡å›¾ç‰‡çš„æ–‡ä»¶æ—¶ä¸...

You may provide a definition with
\DeclareUnicodeCharacter 


! Package inputenc Error: Unicode character å¤§ (U+5927)
(inputenc)                not set up for use with LaTeX.

See the inputenc package documentation for explanation.
Type  H <return>  for immediate help.
 ...                                              
                                                  
l.3 ...»¥å‰ä½¿ç”¨çš„latexæ¨¡æ¿åœ¨å¤„ç†åŒ…å«å¤§
                                                  é‡å›¾ç‰‡çš„æ–‡ä»¶æ—¶ä¸ä»...

You may provide a definition with
\DeclareUnicodeCharacter 


! Package inputenc Error: Unicode character é‡ (U+91CF)
(inputenc)                not set up for use with LaTeX.

See the inputenc package documentation for explanation.
Type  H <return>  for immediate help.
 ...                                              
                                                  
l.3 ...‰ä½¿ç”¨çš„latexæ¨¡æ¿åœ¨å¤„ç†åŒ…å«å¤§é‡
                                                  å›¾ç‰‡çš„æ–‡ä»¶æ—¶ä¸ä»…é...

You may provide a definition with
\DeclareUnicodeCharacter 


! Package inputenc Error: Unicode character å›¾ (U+56FE)
(inputenc)                not set up for use with LaTeX.

See the inputenc package documentation for explanation.
Type  H <return>  for immediate help.
 ...                                              
                                                  
l.3 ...½¿ç”¨çš„latexæ¨¡æ¿åœ¨å¤„ç†åŒ…å«å¤§é‡å›¾
                                                  ç‰‡çš„æ–‡ä»¶æ—¶ä¸ä»…éå¸...

You may provide a definition with
\DeclareUnicodeCharacter 


! Package inputenc Error: Unicode character ç‰‡ (U+7247)
(inputenc)                not set up for use with LaTeX.

See the inputenc package documentation for explanation.
Type  H <return>  for immediate help.
 ...                                              
                                                  
l.3 ...”¨çš„latexæ¨¡æ¿åœ¨å¤„ç†åŒ…å«å¤§é‡å›¾ç‰‡
                                                  çš„æ–‡ä»¶æ—¶ä¸ä»…éå¸¸æ…...

You may provide a definition with
\DeclareUnicodeCharacter 


! Package inputenc Error: Unicode character çš„ (U+7684)
(inputenc)                not set up for use with LaTeX.

See the inputenc package documentation for explanation.
Type  H <return>  for immediate help.
 ...                                              
                                                  
l.3 ...š„latexæ¨¡æ¿åœ¨å¤„ç†åŒ…å«å¤§é‡å›¾ç‰‡çš„
                                                  æ–‡ä»¶æ—¶ä¸ä»…éå¸¸æ…¢ï¼...

You may provide a definition with
\DeclareUnicodeCharacter 


! Package inputenc Error: Unicode character æ–‡ (U+6587)
(inputenc)                not set up for use with LaTeX.

See the inputenc package documentation for explanation.
Type  H <return>  for immediate help.
 ...                                              
                                                  
l.3 ...atexæ¨¡æ¿åœ¨å¤„ç†åŒ…å«å¤§é‡å›¾ç‰‡çš„æ–‡
                                                  ä»¶æ—¶ä¸ä»…éå¸¸æ…¢ï¼Œè€...

You may provide a definition with
\DeclareUnicodeCharacter 


! Package inputenc Error: Unicode character ä»¶ (U+4EF6)
(inputenc)                not set up for use with LaTeX.

See the inputenc package documentation for explanation.
Type  H <return>  for immediate help.
 ...                                              
                                                  
l.3 ...xæ¨¡æ¿åœ¨å¤„ç†åŒ…å«å¤§é‡å›¾ç‰‡çš„æ–‡ä»¶
                                                  æ—¶ä¸ä»…éå¸¸æ…¢ï¼Œè€Œä¸...

You may provide a definition with
\DeclareUnicodeCharacter 


! Package inputenc Error: Unicode character æ—¶ (U+65F6)
(inputenc)                not set up for use with LaTeX.

See the inputenc package documentation for explanation.
Type  H <return>  for immediate help.
 ...                                              
                                                  
l.3 ...¡æ¿åœ¨å¤„ç†åŒ…å«å¤§é‡å›¾ç‰‡çš„æ–‡ä»¶æ—¶
                                                  ä¸ä»…éå¸¸æ…¢ï¼Œè€Œä¸”æœ...

You may provide a definition with
\DeclareUnicodeCharacter 


! Package inputenc Error: Unicode character ä¸ (U+4E0D)
(inputenc)                not set up for use with LaTeX.

See the inputenc package documentation for explanation.
Type  H <return>  for immediate help.
 ...                                              
                                                  
l.3 ...¿åœ¨å¤„ç†åŒ…å«å¤§é‡å›¾ç‰‡çš„æ–‡ä»¶æ—¶ä¸
                                                  ä»…éå¸¸æ…¢ï¼Œè€Œä¸”æœ‰è®...

You may provide a definition with
\DeclareUnicodeCharacter 


! Package inputenc Error: Unicode character ä»… (U+4EC5)
(inputenc)                not set up for use with LaTeX.

See the inputenc package documentation for explanation.
Type  H <return>  for immediate help.
 ...                                              
                                                  
l.3 ...¨å¤„ç†åŒ…å«å¤§é‡å›¾ç‰‡çš„æ–‡ä»¶æ—¶ä¸ä»…
                                                  éå¸¸æ…¢ï¼Œè€Œä¸”æœ‰è®¸å¤...

You may provide a definition with
\DeclareUnicodeCharacter 


! Package inputenc Error: Unicode character é (U+975E)
(inputenc)                not set up for use with LaTeX.

See the inputenc package documentation for explanation.
Type  H <return>  for immediate help.
 ...                                              
                                                  
l.3 ...„ç†åŒ…å«å¤§é‡å›¾ç‰‡çš„æ–‡ä»¶æ—¶ä¸ä»…é
                                                  å¸¸æ…¢ï¼Œè€Œä¸”æœ‰è®¸å¤šå›...

You may provide a definition with
\DeclareUnicodeCharacter 


! Package inputenc Error: Unicode character å¸¸ (U+5E38)
(inputenc)                not set up for use with LaTeX.

See the inputenc package documentation for explanation.
Type  H <return>  for immediate help.
 ...                                              
                                                  
l.3 ...†åŒ…å«å¤§é‡å›¾ç‰‡çš„æ–‡ä»¶æ—¶ä¸ä»…éå¸¸
                                                  æ…¢ï¼Œè€Œä¸”æœ‰è®¸å¤šå›¾ç‰...

You may provide a definition with
\DeclareUnicodeCharacter 


! Package inputenc Error: Unicode character æ…¢ (U+6162)
(inputenc)                not set up for use with LaTeX.

See the inputenc package documentation for explanation.
Type  H <return>  for immediate help.
 ...                                              
                                                  
l.3 ...…å«å¤§é‡å›¾ç‰‡çš„æ–‡ä»¶æ—¶ä¸ä»…éå¸¸æ…¢
                                                  ï¼Œè€Œä¸”æœ‰è®¸å¤šå›¾ç‰‡å­...

You may provide a definition with
\DeclareUnicodeCharacter 


! Package inputenc Error: Unicode character ï¼Œ (U+FF0C)
(inputenc)                not set up for use with LaTeX.

See the inputenc package documentation for explanation.
Type  H <return>  for immediate help.
 ...                                              
                                                  
l.3 ...«å¤§é‡å›¾ç‰‡çš„æ–‡ä»¶æ—¶ä¸ä»…éå¸¸æ…¢ï¼Œ
                                                  è€Œä¸”æœ‰è®¸å¤šå›¾ç‰‡å­˜åœ...

You may provide a definition with
\DeclareUnicodeCharacter 


! Package inputenc Error: Unicode character è€Œ (U+800C)
(inputenc)                not set up for use with LaTeX.

See the inputenc package documentation for explanation.
Type  H <return>  for immediate help.
 ...                                              
                                                  
l.3 ...§é‡å›¾ç‰‡çš„æ–‡ä»¶æ—¶ä¸ä»…éå¸¸æ…¢ï¼Œè€Œ
                                                  ä¸”æœ‰è®¸å¤šå›¾ç‰‡å­˜åœ¨æ˜...

You may provide a definition with
\DeclareUnicodeCharacter 


! Package inputenc Error: Unicode character ä¸” (U+4E14)
(inputenc)                not set up for use with LaTeX.

See the inputenc package documentation for explanation.
Type  H <return>  for immediate help.
 ...                                              
                                                  
l.3 ...å›¾ç‰‡çš„æ–‡ä»¶æ—¶ä¸ä»…éå¸¸æ…¢ï¼Œè€Œä¸”
                                                  æœ‰è®¸å¤šå›¾ç‰‡å­˜åœ¨æ˜¾ç¤...

You may provide a definition with
\DeclareUnicodeCharacter 


! Package inputenc Error: Unicode character æœ‰ (U+6709)
(inputenc)                not set up for use with LaTeX.

See the inputenc package documentation for explanation.
Type  H <return>  for immediate help.
 ...                                              
                                                  
l.3 ...¾ç‰‡çš„æ–‡ä»¶æ—¶ä¸ä»…éå¸¸æ…¢ï¼Œè€Œä¸”æœ‰
                                                  è®¸å¤šå›¾ç‰‡å­˜åœ¨æ˜¾ç¤ºä¸...

You may provide a definition with
\DeclareUnicodeCharacter 


! Package inputenc Error: Unicode character è®¸ (U+8BB8)
(inputenc)                not set up for use with LaTeX.

See the inputenc package documentation for explanation.
Type  H <return>  for immediate help.
 ...                                              
                                                  
l.3 ...‡çš„æ–‡ä»¶æ—¶ä¸ä»…éå¸¸æ…¢ï¼Œè€Œä¸”æœ‰è®¸
                                                  å¤šå›¾ç‰‡å­˜åœ¨æ˜¾ç¤ºä¸å…...

You may provide a definition with
\DeclareUnicodeCharacter 


! Package inputenc Error: Unicode character å¤š (U+591A)
(inputenc)                not set up for use with LaTeX.

See the inputenc package documentation for explanation.
Type  H <return>  for immediate help.
 ...                                              
                                                  
l.3 ...„æ–‡ä»¶æ—¶ä¸ä»…éå¸¸æ…¢ï¼Œè€Œä¸”æœ‰è®¸å¤š
                                                  å›¾ç‰‡å­˜åœ¨æ˜¾ç¤ºä¸å…¨çš...

You may provide a definition with
\DeclareUnicodeCharacter 


! Package inputenc Error: Unicode character å›¾ (U+56FE)
(inputenc)                not set up for use with LaTeX.

See the inputenc package documentation for explanation.
Type  H <return>  for immediate help.
 ...                                              
                                                  
l.3 ...‡ä»¶æ—¶ä¸ä»…éå¸¸æ…¢ï¼Œè€Œä¸”æœ‰è®¸å¤šå›¾
                                                  ç‰‡å­˜åœ¨æ˜¾ç¤ºä¸å…¨çš„é—...

You may provide a definition with
\DeclareUnicodeCharacter 


! Package inputenc Error: Unicode character ç‰‡ (U+7247)
(inputenc)                not set up for use with LaTeX.

See the inputenc package documentation for explanation.
Type  H <return>  for immediate help.
 ...                                              
                                                  
l.3 ...¶æ—¶ä¸ä»…éå¸¸æ…¢ï¼Œè€Œä¸”æœ‰è®¸å¤šå›¾ç‰‡
                                                  å­˜åœ¨æ˜¾ç¤ºä¸å…¨çš„é—®é¢...

You may provide a definition with
\DeclareUnicodeCharacter 


! Package inputenc Error: Unicode character å­˜ (U+5B58)
(inputenc)                not set up for use with LaTeX.

See the inputenc package documentation for explanation.
Type  H <return>  for immediate help.
 ...                                              
                                                  
l.3 ...¶ä¸ä»…éå¸¸æ…¢ï¼Œè€Œä¸”æœ‰è®¸å¤šå›¾ç‰‡å­˜
                                                  åœ¨æ˜¾ç¤ºä¸å…¨çš„é—®é¢˜ï¼...

You may provide a definition with
\DeclareUnicodeCharacter 


! Package inputenc Error: Unicode character åœ¨ (U+5728)
(inputenc)                not set up for use with LaTeX.

See the inputenc package documentation for explanation.
Type  H <return>  for immediate help.
 ...                                              
                                                  
l.3 ...ä»…éå¸¸æ…¢ï¼Œè€Œä¸”æœ‰è®¸å¤šå›¾ç‰‡å­˜åœ¨
                                                  æ˜¾ç¤ºä¸å…¨çš„é—®é¢˜ï¼Œæ‰...

You may provide a definition with
\DeclareUnicodeCharacter 


! Package inputenc Error: Unicode character æ˜¾ (U+663E)
(inputenc)                not set up for use with LaTeX.

See the inputenc package documentation for explanation.
Type  H <return>  for immediate help.
 ...                                              
                                                  
l.3 ...…éå¸¸æ…¢ï¼Œè€Œä¸”æœ‰è®¸å¤šå›¾ç‰‡å­˜åœ¨æ˜¾
                                                  ç¤ºä¸å…¨çš„é—®é¢˜ï¼Œæ‰€ä»...

You may provide a definition with
\DeclareUnicodeCharacter 


! Package inputenc Error: Unicode character ç¤º (U+793A)
(inputenc)                not set up for use with LaTeX.

See the inputenc package documentation for explanation.
Type  H <return>  for immediate help.
 ...                                              
                                                  
l.3 ...å¸¸æ…¢ï¼Œè€Œä¸”æœ‰è®¸å¤šå›¾ç‰‡å­˜åœ¨æ˜¾ç¤º
                                                  ä¸å…¨çš„é—®é¢˜ï¼Œæ‰€ä»¥å‡...

You may provide a definition with
\DeclareUnicodeCharacter 


! Package inputenc Error: Unicode character ä¸ (U+4E0D)
(inputenc)                not set up for use with LaTeX.

See the inputenc package documentation for explanation.
Type  H <return>  for immediate help.
 ...                                              
                                                  
l.3 ...¸æ…¢ï¼Œè€Œä¸”æœ‰è®¸å¤šå›¾ç‰‡å­˜åœ¨æ˜¾ç¤ºä¸
                                                  å…¨çš„é—®é¢˜ï¼Œæ‰€ä»¥å‡†å¤...

You may provide a definition with
\DeclareUnicodeCharacter 


! Package inputenc Error: Unicode character å…¨ (U+5168)
(inputenc)                not set up for use with LaTeX.

See the inputenc package documentation for explanation.
Type  H <return>  for immediate help.
 ...                                              
                                                  
l.3 ...¢ï¼Œè€Œä¸”æœ‰è®¸å¤šå›¾ç‰‡å­˜åœ¨æ˜¾ç¤ºä¸å…¨
                                                  çš„é—®é¢˜ï¼Œæ‰€ä»¥å‡†å¤‡äº...

You may provide a definition with
\DeclareUnicodeCharacter 


! Package inputenc Error: Unicode character çš„ (U+7684)
(inputenc)                not set up for use with LaTeX.

See the inputenc package documentation for explanation.
Type  H <return>  for immediate help.
 ...                                              
                                                  
l.3 ...Œè€Œä¸”æœ‰è®¸å¤šå›¾ç‰‡å­˜åœ¨æ˜¾ç¤ºä¸å…¨çš„
                                                  é—®é¢˜ï¼Œæ‰€ä»¥å‡†å¤‡äº†ä¸...

You may provide a definition with
\DeclareUnicodeCharacter 


! Package inputenc Error: Unicode character é—® (U+95EE)
(inputenc)                not set up for use with LaTeX.

See the inputenc package documentation for explanation.
Type  H <return>  for immediate help.
 ...                                              
                                                  
l.3 ...Œä¸”æœ‰è®¸å¤šå›¾ç‰‡å­˜åœ¨æ˜¾ç¤ºä¸å…¨çš„é—®
                                                  é¢˜ï¼Œæ‰€ä»¥å‡†å¤‡äº†ä¸€ä¸...

You may provide a definition with
\DeclareUnicodeCharacter 


! Package inputenc Error: Unicode character é¢˜ (U+9898)
(inputenc)                not set up for use with LaTeX.

See the inputenc package documentation for explanation.
Type  H <return>  for immediate help.
 ...                                              
                                                  
l.3 ...”æœ‰è®¸å¤šå›¾ç‰‡å­˜åœ¨æ˜¾ç¤ºä¸å…¨çš„é—®é¢˜
                                                  ï¼Œæ‰€ä»¥å‡†å¤‡äº†ä¸€ä¸ªå...

You may provide a definition with
\DeclareUnicodeCharacter 


! Package inputenc Error: Unicode character ï¼Œ (U+FF0C)
(inputenc)                not set up for use with LaTeX.

See the inputenc package documentation for explanation.
Type  H <return>  for immediate help.
 ...                                              
                                                  
l.3 ...‰è®¸å¤šå›¾ç‰‡å­˜åœ¨æ˜¾ç¤ºä¸å…¨çš„é—®é¢˜ï¼Œ
                                                  æ‰€ä»¥å‡†å¤‡äº†ä¸€ä¸ªå¯ä»...

You may provide a definition with
\DeclareUnicodeCharacter 


! Package inputenc Error: Unicode character æ‰€ (U+6240)
(inputenc)                not set up for use with LaTeX.

See the inputenc package documentation for explanation.
Type  H <return>  for immediate help.
 ...                                              
                                                  
l.3 ...¸å¤šå›¾ç‰‡å­˜åœ¨æ˜¾ç¤ºä¸å…¨çš„é—®é¢˜ï¼Œæ‰€
                                                  ä»¥å‡†å¤‡äº†ä¸€ä¸ªå¯ä»¥ç”...

You may provide a definition with
\DeclareUnicodeCharacter 


! Package inputenc Error: Unicode character ä»¥ (U+4EE5)
(inputenc)                not set up for use with LaTeX.

See the inputenc package documentation for explanation.
Type  H <return>  for immediate help.
 ...                                              
                                                  
l.3 ...šå›¾ç‰‡å­˜åœ¨æ˜¾ç¤ºä¸å…¨çš„é—®é¢˜ï¼Œæ‰€ä»¥
                                                  å‡†å¤‡äº†ä¸€ä¸ªå¯ä»¥ç”¨pd...

You may provide a definition with
\DeclareUnicodeCharacter 


! Package inputenc Error: Unicode character å‡† (U+51C6)
(inputenc)                not set up for use with LaTeX.

See the inputenc package documentation for explanation.
Type  H <return>  for immediate help.
 ...                                              
                                                  
l.3 ...¾ç‰‡å­˜åœ¨æ˜¾ç¤ºä¸å…¨çš„é—®é¢˜ï¼Œæ‰€ä»¥å‡†
                                                  å¤‡äº†ä¸€ä¸ªå¯ä»¥ç”¨pdfla...

You may provide a definition with
\DeclareUnicodeCharacter 


! Package inputenc Error: Unicode character å¤‡ (U+5907)
(inputenc)                not set up for use with LaTeX.

See the inputenc package documentation for explanation.
Type  H <return>  for immediate help.
 ...                                              
                                                  
l.3 ...‡å­˜åœ¨æ˜¾ç¤ºä¸å…¨çš„é—®é¢˜ï¼Œæ‰€ä»¥å‡†å¤‡
                                                  äº†ä¸€ä¸ªå¯ä»¥ç”¨pdflatex...

You may provide a definition with
\DeclareUnicodeCharacter 


! Package inputenc Error: Unicode character äº† (U+4E86)
(inputenc)                not set up for use with LaTeX.

See the inputenc package documentation for explanation.
Type  H <return>  for immediate help.
 ...                                              
                                                  
l.3 ...˜åœ¨æ˜¾ç¤ºä¸å…¨çš„é—®é¢˜ï¼Œæ‰€ä»¥å‡†å¤‡äº†
                                                  ä¸€ä¸ªå¯ä»¥ç”¨pdflatexæˆ–...

You may provide a definition with
\DeclareUnicodeCharacter 


! Package inputenc Error: Unicode character ä¸€ (U+4E00)
(inputenc)                not set up for use with LaTeX.

See the inputenc package documentation for explanation.
Type  H <return>  for immediate help.
 ...                                              
                                                  
l.3 ...¨æ˜¾ç¤ºä¸å…¨çš„é—®é¢˜ï¼Œæ‰€ä»¥å‡†å¤‡äº†ä¸€
                                                  ä¸ªå¯ä»¥ç”¨pdflatexæˆ–xel...

You may provide a definition with
\DeclareUnicodeCharacter 


! Package inputenc Error: Unicode character ä¸ª (U+4E2A)
(inputenc)                not set up for use with LaTeX.

See the inputenc package documentation for explanation.
Type  H <return>  for immediate help.
 ...                                              
                                                  
l.3 ...¾ç¤ºä¸å…¨çš„é—®é¢˜ï¼Œæ‰€ä»¥å‡†å¤‡äº†ä¸€ä¸ª
                                                  å¯ä»¥ç”¨pdflatexæˆ–xelate...

You may provide a definition with
\DeclareUnicodeCharacter 


! Package inputenc Error: Unicode character å¯ (U+53EF)
(inputenc)                not set up for use with LaTeX.

See the inputenc package documentation for explanation.
Type  H <return>  for immediate help.
 ...                                              
                                                  
l.3 ...ºä¸å…¨çš„é—®é¢˜ï¼Œæ‰€ä»¥å‡†å¤‡äº†ä¸€ä¸ªå¯
                                                  ä»¥ç”¨pdflatexæˆ–xelatexç¼...

You may provide a definition with
\DeclareUnicodeCharacter 


! Package inputenc Error: Unicode character ä»¥ (U+4EE5)
(inputenc)                not set up for use with LaTeX.

See the inputenc package documentation for explanation.
Type  H <return>  for immediate help.
 ...                                              
                                                  
l.3 ...å…¨çš„é—®é¢˜ï¼Œæ‰€ä»¥å‡†å¤‡äº†ä¸€ä¸ªå¯ä»¥
                                                  ç”¨pdflatexæˆ–xelatexç¼–è¯...

You may provide a definition with
\DeclareUnicodeCharacter 


! Package inputenc Error: Unicode character ç”¨ (U+7528)
(inputenc)                not set up for use with LaTeX.

See the inputenc package documentation for explanation.
Type  H <return>  for immediate help.
 ...                                              
                                                  
l.3 ...¨çš„é—®é¢˜ï¼Œæ‰€ä»¥å‡†å¤‡äº†ä¸€ä¸ªå¯ä»¥ç”¨
                                                  pdflatexæˆ–xelatexç¼–è¯‘çš...

You may provide a definition with
\DeclareUnicodeCharacter 

Missing character: There is no p in font nullfont!
Missing character: There is no d in font nullfont!
Missing character: There is no f in font nullfont!
Missing character: There is no l in font nullfont!
Missing character: There is no a in font nullfont!
Missing character: There is no t in font nullfont!
Missing character: There is no e in font nullfont!
Missing character: There is no x in font nullfont!

! Package inputenc Error: Unicode character æˆ– (U+6216)
(inputenc)                not set up for use with LaTeX.

See the inputenc package documentation for explanation.
Type  H <return>  for immediate help.
 ...                                              
                                                  
l.3 ...¼Œæ‰€ä»¥å‡†å¤‡äº†ä¸€ä¸ªå¯ä»¥ç”¨pdflatexæˆ–
                                                  xelatexç¼–è¯‘çš„æ¨¡æ¿ï¼Œä...

You may provide a definition with
\DeclareUnicodeCharacter 

Missing character: There is no x in font nullfont!
Missing character: There is no e in font nullfont!
Missing character: There is no l in font nullfont!
Missing character: There is no a in font nullfont!
Missing character: There is no t in font nullfont!
Missing character: There is no e in font nullfont!
Missing character: There is no x in font nullfont!

! Package inputenc Error: Unicode character ç¼– (U+7F16)
(inputenc)                not set up for use with LaTeX.

See the inputenc package documentation for explanation.
Type  H <return>  for immediate help.
 ...                                              
                                                  
l.3 ...†å¤‡äº†ä¸€ä¸ªå¯ä»¥ç”¨pdflatexæˆ–xelatexç¼–
                                                  è¯‘çš„æ¨¡æ¿ï¼Œä½†æ˜¯ç›®å‰...

You may provide a definition with
\DeclareUnicodeCharacter 


! Package inputenc Error: Unicode character è¯‘ (U+8BD1)
(inputenc)                not set up for use with LaTeX.

See the inputenc package documentation for explanation.
Type  H <return>  for immediate help.
 ...                                              
                                                  
l.3 ...‡äº†ä¸€ä¸ªå¯ä»¥ç”¨pdflatexæˆ–xelatexç¼–è¯‘
                                                  çš„æ¨¡æ¿ï¼Œä½†æ˜¯ç›®å‰è¿...

You may provide a definition with
\DeclareUnicodeCharacter 


! Package inputenc Error: Unicode character çš„ (U+7684)
(inputenc)                not set up for use with LaTeX.

See the inputenc package documentation for explanation.
Type  H <return>  for immediate help.
 ...                                              
                                                  
l.3 ...†ä¸€ä¸ªå¯ä»¥ç”¨pdflatexæˆ–xelatexç¼–è¯‘çš„
                                                  æ¨¡æ¿ï¼Œä½†æ˜¯ç›®å‰è¿™ä¸...

You may provide a definition with
\DeclareUnicodeCharacter 


! Package inputenc Error: Unicode character æ¨¡ (U+6A21)
(inputenc)                not set up for use with LaTeX.

See the inputenc package documentation for explanation.
Type  H <return>  for immediate help.
 ...                                              
                                                  
l.3 ...€ä¸ªå¯ä»¥ç”¨pdflatexæˆ–xelatexç¼–è¯‘çš„æ¨¡
                                                  æ¿ï¼Œä½†æ˜¯ç›®å‰è¿™ä¸ªæ¨...

You may provide a definition with
\DeclareUnicodeCharacter 


! Package inputenc Error: Unicode character æ¿ (U+677F)
(inputenc)                not set up for use with LaTeX.

See the inputenc package documentation for explanation.
Type  H <return>  for immediate help.
 ...                                              
                                                  
l.3 ...ªå¯ä»¥ç”¨pdflatexæˆ–xelatexç¼–è¯‘çš„æ¨¡æ¿
                                                  ï¼Œä½†æ˜¯ç›®å‰è¿™ä¸ªæ¨¡æ...

You may provide a definition with
\DeclareUnicodeCharacter 


! Package inputenc Error: Unicode character ï¼Œ (U+FF0C)
(inputenc)                not set up for use with LaTeX.

See the inputenc package documentation for explanation.
Type  H <return>  for immediate help.
 ...                                              
                                                  
l.3 ...¯ä»¥ç”¨pdflatexæˆ–xelatexç¼–è¯‘çš„æ¨¡æ¿ï¼Œ
                                                  ä½†æ˜¯ç›®å‰è¿™ä¸ªæ¨¡æ¿ä¹...

You may provide a definition with
\DeclareUnicodeCharacter 


! Package inputenc Error: Unicode character ä½† (U+4F46)
(inputenc)                not set up for use with LaTeX.

See the inputenc package documentation for explanation.
Type  H <return>  for immediate help.
 ...                                              
                                                  
l.3 ...¥ç”¨pdflatexæˆ–xelatexç¼–è¯‘çš„æ¨¡æ¿ï¼Œä½†
                                                  æ˜¯ç›®å‰è¿™ä¸ªæ¨¡æ¿ä¹Ÿå­...

You may provide a definition with
\DeclareUnicodeCharacter 


! Package inputenc Error: Unicode character æ˜¯ (U+662F)
(inputenc)                not set up for use with LaTeX.

See the inputenc package documentation for explanation.
Type  H <return>  for immediate help.
 ...                                              
                                                  
l.3 ...¨pdflatexæˆ–xelatexç¼–è¯‘çš„æ¨¡æ¿ï¼Œä½†æ˜¯
                                                  ç›®å‰è¿™ä¸ªæ¨¡æ¿ä¹Ÿå­˜åœ...

You may provide a definition with
\DeclareUnicodeCharacter 


! Package inputenc Error: Unicode character ç›® (U+76EE)
(inputenc)                not set up for use with LaTeX.

See the inputenc package documentation for explanation.
Type  H <return>  for immediate help.
 ...                                              
                                                  
l.3 ...flatexæˆ–xelatexç¼–è¯‘çš„æ¨¡æ¿ï¼Œä½†æ˜¯ç›®
                                                  å‰è¿™ä¸ªæ¨¡æ¿ä¹Ÿå­˜åœ¨ä¸...

You may provide a definition with
\DeclareUnicodeCharacter 


! Package inputenc Error: Unicode character å‰ (U+524D)
(inputenc)                not set up for use with LaTeX.

See the inputenc package documentation for explanation.
Type  H <return>  for immediate help.
 ...                                              
                                                  
l.3 ...texæˆ–xelatexç¼–è¯‘çš„æ¨¡æ¿ï¼Œä½†æ˜¯ç›®å‰
                                                  è¿™ä¸ªæ¨¡æ¿ä¹Ÿå­˜åœ¨ä¸€äº...

You may provide a definition with
\DeclareUnicodeCharacter 


! Package inputenc Error: Unicode character è¿™ (U+8FD9)
(inputenc)                not set up for use with LaTeX.

See the inputenc package documentation for explanation.
Type  H <return>  for immediate help.
 ...                                              
                                                  
l.3 ...æˆ–xelatexç¼–è¯‘çš„æ¨¡æ¿ï¼Œä½†æ˜¯ç›®å‰è¿™
                                                  ä¸ªæ¨¡æ¿ä¹Ÿå­˜åœ¨ä¸€äº›é—...

You may provide a definition with
\DeclareUnicodeCharacter 


! Package inputenc Error: Unicode character ä¸ª (U+4E2A)
(inputenc)                not set up for use with LaTeX.

See the inputenc package documentation for explanation.
Type  H <return>  for immediate help.
 ...                                              
                                                  
l.3 ...xelatexç¼–è¯‘çš„æ¨¡æ¿ï¼Œä½†æ˜¯ç›®å‰è¿™ä¸ª
                                                  æ¨¡æ¿ä¹Ÿå­˜åœ¨ä¸€äº›é—®é¢...

You may provide a definition with
\DeclareUnicodeCharacter 


! Package inputenc Error: Unicode character æ¨¡ (U+6A21)
(inputenc)                not set up for use with LaTeX.

See the inputenc package documentation for explanation.
Type  H <return>  for immediate help.
 ...                                              
                                                  
l.3 ...atexç¼–è¯‘çš„æ¨¡æ¿ï¼Œä½†æ˜¯ç›®å‰è¿™ä¸ªæ¨¡
                                                  æ¿ä¹Ÿå­˜åœ¨ä¸€äº›é—®é¢˜ï¼...

You may provide a definition with
\DeclareUnicodeCharacter 


! Package inputenc Error: Unicode character æ¿ (U+677F)
(inputenc)                not set up for use with LaTeX.

See the inputenc package documentation for explanation.
Type  H <return>  for immediate help.
 ...                                              
                                                  
l.3 ...xç¼–è¯‘çš„æ¨¡æ¿ï¼Œä½†æ˜¯ç›®å‰è¿™ä¸ªæ¨¡æ¿
                                                  ä¹Ÿå­˜åœ¨ä¸€äº›é—®é¢˜ï¼Œæ­...

You may provide a definition with
\DeclareUnicodeCharacter 


! Package inputenc Error: Unicode character ä¹Ÿ (U+4E5F)
(inputenc)                not set up for use with LaTeX.

See the inputenc package documentation for explanation.
Type  H <return>  for immediate help.
 ...                                              
                                                  
l.3 ...–è¯‘çš„æ¨¡æ¿ï¼Œä½†æ˜¯ç›®å‰è¿™ä¸ªæ¨¡æ¿ä¹Ÿ
                                                  å­˜åœ¨ä¸€äº›é—®é¢˜ï¼Œæ­£åœ...

You may provide a definition with
\DeclareUnicodeCharacter 


! Package inputenc Error: Unicode character å­˜ (U+5B58)
(inputenc)                not set up for use with LaTeX.

See the inputenc package documentation for explanation.
Type  H <return>  for immediate help.
 ...                                              
                                                  
l.3 ...‘çš„æ¨¡æ¿ï¼Œä½†æ˜¯ç›®å‰è¿™ä¸ªæ¨¡æ¿ä¹Ÿå­˜
                                                  åœ¨ä¸€äº›é—®é¢˜ï¼Œæ­£åœ¨ä¿...
(That makes 100 errors; please try again.) 
Here is how much of TeX's memory you used:
 73 strings out of 492623
 737 string characters out of 6133290
 57547 words of memory out of 5000000
 4085 multiletter control sequences out of 15000+600000
 3640 words of font info for 14 fonts, out of 8000000 for 9000
 1141 hyphenation exceptions out of 8191
 11i,1n,11p,556b,20s stack positions out of 5000i,500n,10000p,200000b,80000s

!  ==> Fatal error occurred, no output PDF file produced!
