This is pdfTeX, Version 3.14159265-2.6-1.40.20 (TeX Live 2019/W32TeX) (preloaded format=pdflatex 2019.8.21)  21 AUG 2019 23:18
entering extended mode
 restricted \write18 enabled.
 %&-line parsing enabled.
**mass.tex
(./mass.tex
LaTeX2e <2018-12-01>
! Undefined control sequence.
l.1 \chapter
            {åŸºäºè´¨é‡è¡¨çš„æ ¸å­ç›¸äº’ä½œç”¨}
The control sequence at the end of the top line
of your error message was never \def'ed. If you have
misspelled it (e.g., `\hobx'), type `I' and the correct
spelling (e.g., `I\hbox'). Otherwise just continue,
and I'll forget about whatever was undefined.


! Package inputenc Error: Unicode character åŸº (U+57FA)
(inputenc)                not set up for use with LaTeX.

See the inputenc package documentation for explanation.
Type  H <return>  for immediate help.
 ...                                              
                                                  
l.1 \chapter{åŸº
                äºè´¨é‡è¡¨çš„æ ¸å­ç›¸äº’ä½œç”¨}
You may provide a definition with
\DeclareUnicodeCharacter 


! Package inputenc Error: Unicode character äº (U+4E8E)
(inputenc)                not set up for use with LaTeX.

See the inputenc package documentation for explanation.
Type  H <return>  for immediate help.
 ...                                              
                                                  
l.1 \chapter{åŸºäº
                   è´¨é‡è¡¨çš„æ ¸å­ç›¸äº’ä½œç”¨}
You may provide a definition with
\DeclareUnicodeCharacter 


! Package inputenc Error: Unicode character è´¨ (U+8D28)
(inputenc)                not set up for use with LaTeX.

See the inputenc package documentation for explanation.
Type  H <return>  for immediate help.
 ...                                              
                                                  
l.1 \chapter{åŸºäºè´¨
                      é‡è¡¨çš„æ ¸å­ç›¸äº’ä½œç”¨}
You may provide a definition with
\DeclareUnicodeCharacter 


! Package inputenc Error: Unicode character é‡ (U+91CF)
(inputenc)                not set up for use with LaTeX.

See the inputenc package documentation for explanation.
Type  H <return>  for immediate help.
 ...                                              
                                                  
l.1 \chapter{åŸºäºè´¨é‡
                         è¡¨çš„æ ¸å­ç›¸äº’ä½œç”¨}
You may provide a definition with
\DeclareUnicodeCharacter 


! Package inputenc Error: Unicode character è¡¨ (U+8868)
(inputenc)                not set up for use with LaTeX.

See the inputenc package documentation for explanation.
Type  H <return>  for immediate help.
 ...                                              
                                                  
l.1 \chapter{åŸºäºè´¨é‡è¡¨
                            çš„æ ¸å­ç›¸äº’ä½œç”¨}
You may provide a definition with
\DeclareUnicodeCharacter 


! Package inputenc Error: Unicode character çš„ (U+7684)
(inputenc)                not set up for use with LaTeX.

See the inputenc package documentation for explanation.
Type  H <return>  for immediate help.
 ...                                              
                                                  
l.1 \chapter{åŸºäºè´¨é‡è¡¨çš„
                               æ ¸å­ç›¸äº’ä½œç”¨}
You may provide a definition with
\DeclareUnicodeCharacter 


! Package inputenc Error: Unicode character æ ¸ (U+6838)
(inputenc)                not set up for use with LaTeX.

See the inputenc package documentation for explanation.
Type  H <return>  for immediate help.
 ...                                              
                                                  
l.1 \chapter{åŸºäºè´¨é‡è¡¨çš„æ ¸
                                  å­ç›¸äº’ä½œç”¨}
You may provide a definition with
\DeclareUnicodeCharacter 


! Package inputenc Error: Unicode character å­ (U+5B50)
(inputenc)                not set up for use with LaTeX.

See the inputenc package documentation for explanation.
Type  H <return>  for immediate help.
 ...                                              
                                                  
l.1 \chapter{åŸºäºè´¨é‡è¡¨çš„æ ¸å­
                                     ç›¸äº’ä½œç”¨}
You may provide a definition with
\DeclareUnicodeCharacter 


! Package inputenc Error: Unicode character ç›¸ (U+76F8)
(inputenc)                not set up for use with LaTeX.

See the inputenc package documentation for explanation.
Type  H <return>  for immediate help.
 ...                                              
                                                  
l.1 \chapter{åŸºäºè´¨é‡è¡¨çš„æ ¸å­ç›¸
                                        äº’ä½œç”¨}
You may provide a definition with
\DeclareUnicodeCharacter 


! Package inputenc Error: Unicode character äº’ (U+4E92)
(inputenc)                not set up for use with LaTeX.

See the inputenc package documentation for explanation.
Type  H <return>  for immediate help.
 ...                                              
                                                  
l.1 \chapter{åŸºäºè´¨é‡è¡¨çš„æ ¸å­ç›¸äº’
                                           ä½œç”¨}
You may provide a definition with
\DeclareUnicodeCharacter 


! Package inputenc Error: Unicode character ä½œ (U+4F5C)
(inputenc)                not set up for use with LaTeX.

See the inputenc package documentation for explanation.
Type  H <return>  for immediate help.
 ...                                              
                                                  
l.1 \chapter{åŸºäºè´¨é‡è¡¨çš„æ ¸å­ç›¸äº’ä½œ
                                              ç”¨}
You may provide a definition with
\DeclareUnicodeCharacter 


! Package inputenc Error: Unicode character ç”¨ (U+7528)
(inputenc)                not set up for use with LaTeX.

See the inputenc package documentation for explanation.
Type  H <return>  for immediate help.
 ...                                              
                                                  
l.1 \chapter{åŸºäºè´¨é‡è¡¨çš„æ ¸å­ç›¸äº’ä½œç”¨
                                                 }
You may provide a definition with
\DeclareUnicodeCharacter 

! Undefined control sequence.
l.2 \section
            {å¼•è¨€}
The control sequence at the end of the top line
of your error message was never \def'ed. If you have
misspelled it (e.g., `\hobx'), type `I' and the correct
spelling (e.g., `I\hbox'). Otherwise just continue,
and I'll forget about whatever was undefined.


! Package inputenc Error: Unicode character å¼• (U+5F15)
(inputenc)                not set up for use with LaTeX.

See the inputenc package documentation for explanation.
Type  H <return>  for immediate help.
 ...                                              
                                                  
l.2 \section{å¼•
                è¨€}
You may provide a definition with
\DeclareUnicodeCharacter 


! Package inputenc Error: Unicode character è¨€ (U+8A00)
(inputenc)                not set up for use with LaTeX.

See the inputenc package documentation for explanation.
Type  H <return>  for immediate help.
 ...                                              
                                                  
l.2 \section{å¼•è¨€
                   }
You may provide a definition with
\DeclareUnicodeCharacter 


! Package inputenc Error: Unicode character ç›® (U+76EE)
(inputenc)                not set up for use with LaTeX.

See the inputenc package documentation for explanation.
Type  H <return>  for immediate help.
 ...                                              
                                                  
l.3 ç›®
       å‰ï¼Œå¯¹åŸå­æ ¸æ˜¯çš„ç†è®ºå’Œå®éªŒç ”ç©¶ä¸»è¦é›†ä¸­åœ¨åŸå­æ ¸...

You may provide a definition with
\DeclareUnicodeCharacter 


! Package inputenc Error: Unicode character å‰ (U+524D)
(inputenc)                not set up for use with LaTeX.

See the inputenc package documentation for explanation.
Type  H <return>  for immediate help.
 ...                                              
                                                  
l.3 ç›®å‰
          ï¼Œå¯¹åŸå­æ ¸æ˜¯çš„ç†è®ºå’Œå®éªŒç ”ç©¶ä¸»è¦é›†ä¸­åœ¨åŸå­æ ¸...

You may provide a definition with
\DeclareUnicodeCharacter 


! Package inputenc Error: Unicode character ï¼Œ (U+FF0C)
(inputenc)                not set up for use with LaTeX.

See the inputenc package documentation for explanation.
Type  H <return>  for immediate help.
 ...                                              
                                                  
l.3 ç›®å‰ï¼Œ
             å¯¹åŸå­æ ¸æ˜¯çš„ç†è®ºå’Œå®éªŒç ”ç©¶ä¸»è¦é›†ä¸­åœ¨åŸå­æ ¸...

You may provide a definition with
\DeclareUnicodeCharacter 


! Package inputenc Error: Unicode character å¯¹ (U+5BF9)
(inputenc)                not set up for use with LaTeX.

See the inputenc package documentation for explanation.
Type  H <return>  for immediate help.
 ...                                              
                                                  
l.3 ç›®å‰ï¼Œå¯¹
                åŸå­æ ¸æ˜¯çš„ç†è®ºå’Œå®éªŒç ”ç©¶ä¸»è¦é›†ä¸­åœ¨åŸå­æ ¸...

You may provide a definition with
\DeclareUnicodeCharacter 


! Package inputenc Error: Unicode character åŸ (U+539F)
(inputenc)                not set up for use with LaTeX.

See the inputenc package documentation for explanation.
Type  H <return>  for immediate help.
 ...                                              
                                                  
l.3 ç›®å‰ï¼Œå¯¹åŸ
                   å­æ ¸æ˜¯çš„ç†è®ºå’Œå®éªŒç ”ç©¶ä¸»è¦é›†ä¸­åœ¨åŸå­æ ¸...

You may provide a definition with
\DeclareUnicodeCharacter 


! Package inputenc Error: Unicode character å­ (U+5B50)
(inputenc)                not set up for use with LaTeX.

See the inputenc package documentation for explanation.
Type  H <return>  for immediate help.
 ...                                              
                                                  
l.3 ç›®å‰ï¼Œå¯¹åŸå­
                      æ ¸æ˜¯çš„ç†è®ºå’Œå®éªŒç ”ç©¶ä¸»è¦é›†ä¸­åœ¨åŸå­æ ¸...

You may provide a definition with
\DeclareUnicodeCharacter 


! Package inputenc Error: Unicode character æ ¸ (U+6838)
(inputenc)                not set up for use with LaTeX.

See the inputenc package documentation for explanation.
Type  H <return>  for immediate help.
 ...                                              
                                                  
l.3 ç›®å‰ï¼Œå¯¹åŸå­æ ¸
                         æ˜¯çš„ç†è®ºå’Œå®éªŒç ”ç©¶ä¸»è¦é›†ä¸­åœ¨åŸå­æ ¸...

You may provide a definition with
\DeclareUnicodeCharacter 


! Package inputenc Error: Unicode character æ˜¯ (U+662F)
(inputenc)                not set up for use with LaTeX.

See the inputenc package documentation for explanation.
Type  H <return>  for immediate help.
 ...                                              
                                                  
l.3 ç›®å‰ï¼Œå¯¹åŸå­æ ¸æ˜¯
                            çš„ç†è®ºå’Œå®éªŒç ”ç©¶ä¸»è¦é›†ä¸­åœ¨åŸå­æ ¸...

You may provide a definition with
\DeclareUnicodeCharacter 


! Package inputenc Error: Unicode character çš„ (U+7684)
(inputenc)                not set up for use with LaTeX.

See the inputenc package documentation for explanation.
Type  H <return>  for immediate help.
 ...                                              
                                                  
l.3 ç›®å‰ï¼Œå¯¹åŸå­æ ¸æ˜¯çš„
                               ç†è®ºå’Œå®éªŒç ”ç©¶ä¸»è¦é›†ä¸­åœ¨åŸå­æ ¸...

You may provide a definition with
\DeclareUnicodeCharacter 


! Package inputenc Error: Unicode character ç† (U+7406)
(inputenc)                not set up for use with LaTeX.

See the inputenc package documentation for explanation.
Type  H <return>  for immediate help.
 ...                                              
                                                  
l.3 ç›®å‰ï¼Œå¯¹åŸå­æ ¸æ˜¯çš„ç†
                                  è®ºå’Œå®éªŒç ”ç©¶ä¸»è¦é›†ä¸­åœ¨åŸå­æ ¸...

You may provide a definition with
\DeclareUnicodeCharacter 


! Package inputenc Error: Unicode character è®º (U+8BBA)
(inputenc)                not set up for use with LaTeX.

See the inputenc package documentation for explanation.
Type  H <return>  for immediate help.
 ...                                              
                                                  
l.3 ç›®å‰ï¼Œå¯¹åŸå­æ ¸æ˜¯çš„ç†è®º
                                     å’Œå®éªŒç ”ç©¶ä¸»è¦é›†ä¸­åœ¨åŸå­æ ¸...

You may provide a definition with
\DeclareUnicodeCharacter 


! Package inputenc Error: Unicode character å’Œ (U+548C)
(inputenc)                not set up for use with LaTeX.

See the inputenc package documentation for explanation.
Type  H <return>  for immediate help.
 ...                                              
                                                  
l.3 ç›®å‰ï¼Œå¯¹åŸå­æ ¸æ˜¯çš„ç†è®ºå’Œ
                                        å®éªŒç ”ç©¶ä¸»è¦é›†ä¸­åœ¨åŸå­æ ¸...

You may provide a definition with
\DeclareUnicodeCharacter 


! Package inputenc Error: Unicode character å® (U+5B9E)
(inputenc)                not set up for use with LaTeX.

See the inputenc package documentation for explanation.
Type  H <return>  for immediate help.
 ...                                              
                                                  
l.3 ç›®å‰ï¼Œå¯¹åŸå­æ ¸æ˜¯çš„ç†è®ºå’Œå®
                                           éªŒç ”ç©¶ä¸»è¦é›†ä¸­åœ¨åŸå­æ ¸...

You may provide a definition with
\DeclareUnicodeCharacter 


! Package inputenc Error: Unicode character éªŒ (U+9A8C)
(inputenc)                not set up for use with LaTeX.

See the inputenc package documentation for explanation.
Type  H <return>  for immediate help.
 ...                                              
                                                  
l.3 ç›®å‰ï¼Œå¯¹åŸå­æ ¸æ˜¯çš„ç†è®ºå’Œå®éªŒ
                                              ç ”ç©¶ä¸»è¦é›†ä¸­åœ¨åŸå­æ ¸...

You may provide a definition with
\DeclareUnicodeCharacter 


! Package inputenc Error: Unicode character ç ” (U+7814)
(inputenc)                not set up for use with LaTeX.

See the inputenc package documentation for explanation.
Type  H <return>  for immediate help.
 ...                                              
                                                  
l.3 ç›®å‰ï¼Œå¯¹åŸå­æ ¸æ˜¯çš„ç†è®ºå’Œå®éªŒç ”
                                                 ç©¶ä¸»è¦é›†ä¸­åœ¨åŸå­æ ¸...

You may provide a definition with
\DeclareUnicodeCharacter 


! Package inputenc Error: Unicode character ç©¶ (U+7A76)
(inputenc)                not set up for use with LaTeX.

See the inputenc package documentation for explanation.
Type  H <return>  for immediate help.
 ...                                              
                                                  
l.3 ...ï¼Œå¯¹åŸå­æ ¸æ˜¯çš„ç†è®ºå’Œå®éªŒç ”ç©¶
                                                  ä¸»è¦é›†ä¸­åœ¨åŸå­æ ¸çš...

You may provide a definition with
\DeclareUnicodeCharacter 


! Package inputenc Error: Unicode character ä¸» (U+4E3B)
(inputenc)                not set up for use with LaTeX.

See the inputenc package documentation for explanation.
Type  H <return>  for immediate help.
 ...                                              
                                                  
l.3 ...Œå¯¹åŸå­æ ¸æ˜¯çš„ç†è®ºå’Œå®éªŒç ”ç©¶ä¸»
                                                  è¦é›†ä¸­åœ¨åŸå­æ ¸çš„ä¸...

You may provide a definition with
\DeclareUnicodeCharacter 


! Package inputenc Error: Unicode character è¦ (U+8981)
(inputenc)                not set up for use with LaTeX.

See the inputenc package documentation for explanation.
Type  H <return>  for immediate help.
 ...                                              
                                                  
l.3 ...¹åŸå­æ ¸æ˜¯çš„ç†è®ºå’Œå®éªŒç ”ç©¶ä¸»è¦
                                                  é›†ä¸­åœ¨åŸå­æ ¸çš„ä¸¤ä¸...

You may provide a definition with
\DeclareUnicodeCharacter 


! Package inputenc Error: Unicode character é›† (U+96C6)
(inputenc)                not set up for use with LaTeX.

See the inputenc package documentation for explanation.
Type  H <return>  for immediate help.
 ...                                              
                                                  
l.3 ...Ÿå­æ ¸æ˜¯çš„ç†è®ºå’Œå®éªŒç ”ç©¶ä¸»è¦é›†
                                                  ä¸­åœ¨åŸå­æ ¸çš„ä¸¤ä¸ªè‡...

You may provide a definition with
\DeclareUnicodeCharacter 


! Package inputenc Error: Unicode character ä¸­ (U+4E2D)
(inputenc)                not set up for use with LaTeX.

See the inputenc package documentation for explanation.
Type  H <return>  for immediate help.
 ...                                              
                                                  
l.3 ...æ ¸æ˜¯çš„ç†è®ºå’Œå®éªŒç ”ç©¶ä¸»è¦é›†ä¸­
                                                  åœ¨åŸå­æ ¸çš„ä¸¤ä¸ªè‡ªç”...

You may provide a definition with
\DeclareUnicodeCharacter 


! Package inputenc Error: Unicode character åœ¨ (U+5728)
(inputenc)                not set up for use with LaTeX.

See the inputenc package documentation for explanation.
Type  H <return>  for immediate help.
 ...                                              
                                                  
l.3 ...¸æ˜¯çš„ç†è®ºå’Œå®éªŒç ”ç©¶ä¸»è¦é›†ä¸­åœ¨
                                                  åŸå­æ ¸çš„ä¸¤ä¸ªè‡ªç”±åº...

You may provide a definition with
\DeclareUnicodeCharacter 


! Package inputenc Error: Unicode character åŸ (U+539F)
(inputenc)                not set up for use with LaTeX.

See the inputenc package documentation for explanation.
Type  H <return>  for immediate help.
 ...                                              
                                                  
l.3 ...¯çš„ç†è®ºå’Œå®éªŒç ”ç©¶ä¸»è¦é›†ä¸­åœ¨åŸ
                                                  å­æ ¸çš„ä¸¤ä¸ªè‡ªç”±åº¦ä¸...

You may provide a definition with
\DeclareUnicodeCharacter 


! Package inputenc Error: Unicode character å­ (U+5B50)
(inputenc)                not set up for use with LaTeX.

See the inputenc package documentation for explanation.
Type  H <return>  for immediate help.
 ...                                              
                                                  
l.3 ...„ç†è®ºå’Œå®éªŒç ”ç©¶ä¸»è¦é›†ä¸­åœ¨åŸå­
                                                  æ ¸çš„ä¸¤ä¸ªè‡ªç”±åº¦ä¸Šï¼...

You may provide a definition with
\DeclareUnicodeCharacter 


! Package inputenc Error: Unicode character æ ¸ (U+6838)
(inputenc)                not set up for use with LaTeX.

See the inputenc package documentation for explanation.
Type  H <return>  for immediate help.
 ...                                              
                                                  
l.3 ...†è®ºå’Œå®éªŒç ”ç©¶ä¸»è¦é›†ä¸­åœ¨åŸå­æ ¸
                                                  çš„ä¸¤ä¸ªè‡ªç”±åº¦ä¸Šï¼Œå...

You may provide a definition with
\DeclareUnicodeCharacter 


! Package inputenc Error: Unicode character çš„ (U+7684)
(inputenc)                not set up for use with LaTeX.

See the inputenc package documentation for explanation.
Type  H <return>  for immediate help.
 ...                                              
                                                  
l.3 ...ºå’Œå®éªŒç ”ç©¶ä¸»è¦é›†ä¸­åœ¨åŸå­æ ¸çš„
                                                  ä¸¤ä¸ªè‡ªç”±åº¦ä¸Šï¼Œå³å...

You may provide a definition with
\DeclareUnicodeCharacter 


! Package inputenc Error: Unicode character ä¸¤ (U+4E24)
(inputenc)                not set up for use with LaTeX.

See the inputenc package documentation for explanation.
Type  H <return>  for immediate help.
 ...                                              
                                                  
l.3 ...Œå®éªŒç ”ç©¶ä¸»è¦é›†ä¸­åœ¨åŸå­æ ¸çš„ä¸¤
                                                  ä¸ªè‡ªç”±åº¦ä¸Šï¼Œå³åŒä½...

You may provide a definition with
\DeclareUnicodeCharacter 


! Package inputenc Error: Unicode character ä¸ª (U+4E2A)
(inputenc)                not set up for use with LaTeX.

See the inputenc package documentation for explanation.
Type  H <return>  for immediate help.
 ...                                              
                                                  
l.3 ...éªŒç ”ç©¶ä¸»è¦é›†ä¸­åœ¨åŸå­æ ¸çš„ä¸¤ä¸ª
                                                  è‡ªç”±åº¦ä¸Šï¼Œå³åŒä½æ—...

You may provide a definition with
\DeclareUnicodeCharacter 


! Package inputenc Error: Unicode character è‡ª (U+81EA)
(inputenc)                not set up for use with LaTeX.

See the inputenc package documentation for explanation.
Type  H <return>  for immediate help.
 ...                                              
                                                  
l.3 ...Œç ”ç©¶ä¸»è¦é›†ä¸­åœ¨åŸå­æ ¸çš„ä¸¤ä¸ªè‡ª
                                                  ç”±åº¦ä¸Šï¼Œå³åŒä½æ—‹è‡...

You may provide a definition with
\DeclareUnicodeCharacter 


! Package inputenc Error: Unicode character ç”± (U+7531)
(inputenc)                not set up for use with LaTeX.

See the inputenc package documentation for explanation.
Type  H <return>  for immediate help.
 ...                                              
                                                  
l.3 ...”ç©¶ä¸»è¦é›†ä¸­åœ¨åŸå­æ ¸çš„ä¸¤ä¸ªè‡ªç”±
                                                  åº¦ä¸Šï¼Œå³åŒä½æ—‹è‡ªç”...

You may provide a definition with
\DeclareUnicodeCharacter 


! Package inputenc Error: Unicode character åº¦ (U+5EA6)
(inputenc)                not set up for use with LaTeX.

See the inputenc package documentation for explanation.
Type  H <return>  for immediate help.
 ...                                              
                                                  
l.3 ...¶ä¸»è¦é›†ä¸­åœ¨åŸå­æ ¸çš„ä¸¤ä¸ªè‡ªç”±åº¦
                                                  ä¸Šï¼Œå³åŒä½æ—‹è‡ªç”±åº...

You may provide a definition with
\DeclareUnicodeCharacter 


! Package inputenc Error: Unicode character ä¸Š (U+4E0A)
(inputenc)                not set up for use with LaTeX.

See the inputenc package documentation for explanation.
Type  H <return>  for immediate help.
 ...                                              
                                                  
l.3 ...»è¦é›†ä¸­åœ¨åŸå­æ ¸çš„ä¸¤ä¸ªè‡ªç”±åº¦ä¸Š
                                                  ï¼Œå³åŒä½æ—‹è‡ªç”±åº¦å’...

You may provide a definition with
\DeclareUnicodeCharacter 


! Package inputenc Error: Unicode character ï¼Œ (U+FF0C)
(inputenc)                not set up for use with LaTeX.

See the inputenc package documentation for explanation.
Type  H <return>  for immediate help.
 ...                                              
                                                  
l.3 ...é›†ä¸­åœ¨åŸå­æ ¸çš„ä¸¤ä¸ªè‡ªç”±åº¦ä¸Šï¼Œ
                                                  å³åŒä½æ—‹è‡ªç”±åº¦å’Œè‡...

You may provide a definition with
\DeclareUnicodeCharacter 


! Package inputenc Error: Unicode character å³ (U+5373)
(inputenc)                not set up for use with LaTeX.

See the inputenc package documentation for explanation.
Type  H <return>  for immediate help.
 ...                                              
                                                  
l.3 ...†ä¸­åœ¨åŸå­æ ¸çš„ä¸¤ä¸ªè‡ªç”±åº¦ä¸Šï¼Œå³
                                                  åŒä½æ—‹è‡ªç”±åº¦å’Œè‡ªæ—...

You may provide a definition with
\DeclareUnicodeCharacter 


! Package inputenc Error: Unicode character åŒ (U+540C)
(inputenc)                not set up for use with LaTeX.

See the inputenc package documentation for explanation.
Type  H <return>  for immediate help.
 ...                                              
                                                  
l.3 ...­åœ¨åŸå­æ ¸çš„ä¸¤ä¸ªè‡ªç”±åº¦ä¸Šï¼Œå³åŒ
                                                  ä½æ—‹è‡ªç”±åº¦å’Œè‡ªæ—‹è‡...

You may provide a definition with
\DeclareUnicodeCharacter 


! Package inputenc Error: Unicode character ä½ (U+4F4D)
(inputenc)                not set up for use with LaTeX.

See the inputenc package documentation for explanation.
Type  H <return>  for immediate help.
 ...                                              
                                                  
l.3 ...¨åŸå­æ ¸çš„ä¸¤ä¸ªè‡ªç”±åº¦ä¸Šï¼Œå³åŒä½
                                                  æ—‹è‡ªç”±åº¦å’Œè‡ªæ—‹è‡ªç”...

You may provide a definition with
\DeclareUnicodeCharacter 


! Package inputenc Error: Unicode character æ—‹ (U+65CB)
(inputenc)                not set up for use with LaTeX.

See the inputenc package documentation for explanation.
Type  H <return>  for immediate help.
 ...                                              
                                                  
l.3 ...Ÿå­æ ¸çš„ä¸¤ä¸ªè‡ªç”±åº¦ä¸Šï¼Œå³åŒä½æ—‹
                                                  è‡ªç”±åº¦å’Œè‡ªæ—‹è‡ªç”±åº...

You may provide a definition with
\DeclareUnicodeCharacter 


! Package inputenc Error: Unicode character è‡ª (U+81EA)
(inputenc)                not set up for use with LaTeX.

See the inputenc package documentation for explanation.
Type  H <return>  for immediate help.
 ...                                              
                                                  
l.3 ...æ ¸çš„ä¸¤ä¸ªè‡ªç”±åº¦ä¸Šï¼Œå³åŒä½æ—‹è‡ª
                                                  ç”±åº¦å’Œè‡ªæ—‹è‡ªç”±åº¦(é...

You may provide a definition with
\DeclareUnicodeCharacter 


! Package inputenc Error: Unicode character ç”± (U+7531)
(inputenc)                not set up for use with LaTeX.

See the inputenc package documentation for explanation.
Type  H <return>  for immediate help.
 ...                                              
                                                  
l.3 ...¸çš„ä¸¤ä¸ªè‡ªç”±åº¦ä¸Šï¼Œå³åŒä½æ—‹è‡ªç”±
                                                  åº¦å’Œè‡ªæ—‹è‡ªç”±åº¦(é«˜è...

You may provide a definition with
\DeclareUnicodeCharacter 


! Package inputenc Error: Unicode character åº¦ (U+5EA6)
(inputenc)                not set up for use with LaTeX.

See the inputenc package documentation for explanation.
Type  H <return>  for immediate help.
 ...                                              
                                                  
l.3 ...„ä¸¤ä¸ªè‡ªç”±åº¦ä¸Šï¼Œå³åŒä½æ—‹è‡ªç”±åº¦
                                                  å’Œè‡ªæ—‹è‡ªç”±åº¦(é«˜è‡ªæ...

You may provide a definition with
\DeclareUnicodeCharacter 


! Package inputenc Error: Unicode character å’Œ (U+548C)
(inputenc)                not set up for use with LaTeX.

See the inputenc package documentation for explanation.
Type  H <return>  for immediate help.
 ...                                              
                                                  
l.3 ...¤ä¸ªè‡ªç”±åº¦ä¸Šï¼Œå³åŒä½æ—‹è‡ªç”±åº¦å’Œ
                                                  è‡ªæ—‹è‡ªç”±åº¦(é«˜è‡ªæ—‹æ...

You may provide a definition with
\DeclareUnicodeCharacter 


! Package inputenc Error: Unicode character è‡ª (U+81EA)
(inputenc)                not set up for use with LaTeX.

See the inputenc package documentation for explanation.
Type  H <return>  for immediate help.
 ...                                              
                                                  
l.3 ...ªè‡ªç”±åº¦ä¸Šï¼Œå³åŒä½æ—‹è‡ªç”±åº¦å’Œè‡ª
                                                  æ—‹è‡ªç”±åº¦(é«˜è‡ªæ—‹æ€)...

You may provide a definition with
\DeclareUnicodeCharacter 


! Package inputenc Error: Unicode character æ—‹ (U+65CB)
(inputenc)                not set up for use with LaTeX.

See the inputenc package documentation for explanation.
Type  H <return>  for immediate help.
 ...                                              
                                                  
l.3 ...ªç”±åº¦ä¸Šï¼Œå³åŒä½æ—‹è‡ªç”±åº¦å’Œè‡ªæ—‹
                                                  è‡ªç”±åº¦(é«˜è‡ªæ—‹æ€)ã€‚...

You may provide a definition with
\DeclareUnicodeCharacter 


! Package inputenc Error: Unicode character è‡ª (U+81EA)
(inputenc)                not set up for use with LaTeX.

See the inputenc package documentation for explanation.
Type  H <return>  for immediate help.
 ...                                              
                                                  
l.3 ...±åº¦ä¸Šï¼Œå³åŒä½æ—‹è‡ªç”±åº¦å’Œè‡ªæ—‹è‡ª
                                                  ç”±åº¦(é«˜è‡ªæ—‹æ€)ã€‚ åŸ...

You may provide a definition with
\DeclareUnicodeCharacter 


! Package inputenc Error: Unicode character ç”± (U+7531)
(inputenc)                not set up for use with LaTeX.

See the inputenc package documentation for explanation.
Type  H <return>  for immediate help.
 ...                                              
                                                  
l.3 ...¦ä¸Šï¼Œå³åŒä½æ—‹è‡ªç”±åº¦å’Œè‡ªæ—‹è‡ªç”±
                                                  åº¦(é«˜è‡ªæ—‹æ€)ã€‚ åŸºäº...

You may provide a definition with
\DeclareUnicodeCharacter 


! Package inputenc Error: Unicode character åº¦ (U+5EA6)
(inputenc)                not set up for use with LaTeX.

See the inputenc package documentation for explanation.
Type  H <return>  for immediate help.
 ...                                              
                                                  
l.3 ...Šï¼Œå³åŒä½æ—‹è‡ªç”±åº¦å’Œè‡ªæ—‹è‡ªç”±åº¦
                                                  (é«˜è‡ªæ—‹æ€)ã€‚ åŸºäºè´...

You may provide a definition with
\DeclareUnicodeCharacter 


! LaTeX Error: Missing \begin{document}.

See the LaTeX manual or LaTeX Companion for explanation.
Type  H <return>  for immediate help.
 ...                                              
                                                  
l.3 ...ï¼Œå³åŒä½æ—‹è‡ªç”±åº¦å’Œè‡ªæ—‹è‡ªç”±åº¦(
                                                  é«˜è‡ªæ—‹æ€)ã€‚ åŸºäºè´¨...

You're in trouble here.  Try typing  <return>  to proceed.
If that doesn't work, type  X <return>  to quit.

Missing character: There is no ( in font nullfont!

! Package inputenc Error: Unicode character é«˜ (U+9AD8)
(inputenc)                not set up for use with LaTeX.

See the inputenc package documentation for explanation.
Type  H <return>  for immediate help.
 ...                                              
                                                  
l.3 ...å³åŒä½æ—‹è‡ªç”±åº¦å’Œè‡ªæ—‹è‡ªç”±åº¦(é«˜
                                                  è‡ªæ—‹æ€)ã€‚ åŸºäºè´¨é‡...

You may provide a definition with
\DeclareUnicodeCharacter 


! Package inputenc Error: Unicode character è‡ª (U+81EA)
(inputenc)                not set up for use with LaTeX.

See the inputenc package documentation for explanation.
Type  H <return>  for immediate help.
 ...                                              
                                                  
l.3 ...åŒä½æ—‹è‡ªç”±åº¦å’Œè‡ªæ—‹è‡ªç”±åº¦(é«˜è‡ª
                                                  æ—‹æ€)ã€‚ åŸºäºè´¨é‡è¡¨...

You may provide a definition with
\DeclareUnicodeCharacter 


! Package inputenc Error: Unicode character æ—‹ (U+65CB)
(inputenc)                not set up for use with LaTeX.

See the inputenc package documentation for explanation.
Type  H <return>  for immediate help.
 ...                                              
                                                  
l.3 ...ä½æ—‹è‡ªç”±åº¦å’Œè‡ªæ—‹è‡ªç”±åº¦(é«˜è‡ªæ—‹
                                                  æ€)ã€‚ åŸºäºè´¨é‡è¡¨çš„...

You may provide a definition with
\DeclareUnicodeCharacter 


! Package inputenc Error: Unicode character æ€ (U+6001)
(inputenc)                not set up for use with LaTeX.

See the inputenc package documentation for explanation.
Type  H <return>  for immediate help.
 ...                                              
                                                  
l.3 ...æ—‹è‡ªç”±åº¦å’Œè‡ªæ—‹è‡ªç”±åº¦(é«˜è‡ªæ—‹æ€
                                                  )ã€‚ åŸºäºè´¨é‡è¡¨çš„æ ¸...

You may provide a definition with
\DeclareUnicodeCharacter 

Missing character: There is no ) in font nullfont!

! Package inputenc Error: Unicode character ã€‚ (U+3002)
(inputenc)                not set up for use with LaTeX.

See the inputenc package documentation for explanation.
Type  H <return>  for immediate help.
 ...                                              
                                                  
l.3 ...‡ªç”±åº¦å’Œè‡ªæ—‹è‡ªç”±åº¦(é«˜è‡ªæ—‹æ€)ã€‚
                                                   åŸºäºè´¨é‡è¡¨çš„æ ¸å­ç...

You may provide a definition with
\DeclareUnicodeCharacter 


! Package inputenc Error: Unicode character åŸº (U+57FA)
(inputenc)                not set up for use with LaTeX.

See the inputenc package documentation for explanation.
Type  H <return>  for immediate help.
 ...                                              
                                                  
l.3 ...±åº¦å’Œè‡ªæ—‹è‡ªç”±åº¦(é«˜è‡ªæ—‹æ€)ã€‚ åŸº
                                                  äºè´¨é‡è¡¨çš„æ ¸å­ç›¸äº...

You may provide a definition with
\DeclareUnicodeCharacter 


! Package inputenc Error: Unicode character äº (U+4E8E)
(inputenc)                not set up for use with LaTeX.

See the inputenc package documentation for explanation.
Type  H <return>  for immediate help.
 ...                                              
                                                  
l.3 ...¦å’Œè‡ªæ—‹è‡ªç”±åº¦(é«˜è‡ªæ—‹æ€)ã€‚ åŸºäº
                                                  è´¨é‡è¡¨çš„æ ¸å­ç›¸äº’ä½...

You may provide a definition with
\DeclareUnicodeCharacter 


! Package inputenc Error: Unicode character è´¨ (U+8D28)
(inputenc)                not set up for use with LaTeX.

See the inputenc package documentation for explanation.
Type  H <return>  for immediate help.
 ...                                              
                                                  
l.3 ...Œè‡ªæ—‹è‡ªç”±åº¦(é«˜è‡ªæ—‹æ€)ã€‚ åŸºäºè´¨
                                                  é‡è¡¨çš„æ ¸å­ç›¸äº’ä½œç”...

You may provide a definition with
\DeclareUnicodeCharacter 


! Package inputenc Error: Unicode character é‡ (U+91CF)
(inputenc)                not set up for use with LaTeX.

See the inputenc package documentation for explanation.
Type  H <return>  for immediate help.
 ...                                              
                                                  
l.3 ...ªæ—‹è‡ªç”±åº¦(é«˜è‡ªæ—‹æ€)ã€‚ åŸºäºè´¨é‡
                                                  è¡¨çš„æ ¸å­ç›¸äº’ä½œç”¨çš...

You may provide a definition with
\DeclareUnicodeCharacter 


! Package inputenc Error: Unicode character è¡¨ (U+8868)
(inputenc)                not set up for use with LaTeX.

See the inputenc package documentation for explanation.
Type  H <return>  for immediate help.
 ...                                              
                                                  
l.3 ...‹è‡ªç”±åº¦(é«˜è‡ªæ—‹æ€)ã€‚ åŸºäºè´¨é‡è¡¨
                                                  çš„æ ¸å­ç›¸äº’ä½œç”¨çš„ç ...

You may provide a definition with
\DeclareUnicodeCharacter 


! Package inputenc Error: Unicode character çš„ (U+7684)
(inputenc)                not set up for use with LaTeX.

See the inputenc package documentation for explanation.
Type  H <return>  for immediate help.
 ...                                              
                                                  
l.3 ...ªç”±åº¦(é«˜è‡ªæ—‹æ€)ã€‚ åŸºäºè´¨é‡è¡¨çš„
                                                  æ ¸å­ç›¸äº’ä½œç”¨çš„ç ”ç©...

You may provide a definition with
\DeclareUnicodeCharacter 


! Package inputenc Error: Unicode character æ ¸ (U+6838)
(inputenc)                not set up for use with LaTeX.

See the inputenc package documentation for explanation.
Type  H <return>  for immediate help.
 ...                                              
                                                  
l.3 ...±åº¦(é«˜è‡ªæ—‹æ€)ã€‚ åŸºäºè´¨é‡è¡¨çš„æ ¸
                                                  å­ç›¸äº’ä½œç”¨çš„ç ”ç©¶ï¼...

You may provide a definition with
\DeclareUnicodeCharacter 


! Package inputenc Error: Unicode character å­ (U+5B50)
(inputenc)                not set up for use with LaTeX.

See the inputenc package documentation for explanation.
Type  H <return>  for immediate help.
 ...                                              
                                                  
l.3 ...¦(é«˜è‡ªæ—‹æ€)ã€‚ åŸºäºè´¨é‡è¡¨çš„æ ¸å­
                                                  ç›¸äº’ä½œç”¨çš„ç ”ç©¶ï¼Œå¯...

You may provide a definition with
\DeclareUnicodeCharacter 


! Package inputenc Error: Unicode character ç›¸ (U+76F8)
(inputenc)                not set up for use with LaTeX.

See the inputenc package documentation for explanation.
Type  H <return>  for immediate help.
 ...                                              
                                                  
l.3 ...«˜è‡ªæ—‹æ€)ã€‚ åŸºäºè´¨é‡è¡¨çš„æ ¸å­ç›¸
                                                  äº’ä½œç”¨çš„ç ”ç©¶ï¼Œå¯¹äº...

You may provide a definition with
\DeclareUnicodeCharacter 


! Package inputenc Error: Unicode character äº’ (U+4E92)
(inputenc)                not set up for use with LaTeX.

See the inputenc package documentation for explanation.
Type  H <return>  for immediate help.
 ...                                              
                                                  
l.3 ...‡ªæ—‹æ€)ã€‚ åŸºäºè´¨é‡è¡¨çš„æ ¸å­ç›¸äº’
                                                  ä½œç”¨çš„ç ”ç©¶ï¼Œå¯¹äºæˆ...

You may provide a definition with
\DeclareUnicodeCharacter 


! Package inputenc Error: Unicode character ä½œ (U+4F5C)
(inputenc)                not set up for use with LaTeX.

See the inputenc package documentation for explanation.
Type  H <return>  for immediate help.
 ...                                              
                                                  
l.3 ...—‹æ€)ã€‚ åŸºäºè´¨é‡è¡¨çš„æ ¸å­ç›¸äº’ä½œ
                                                  ç”¨çš„ç ”ç©¶ï¼Œå¯¹äºæˆ‘ä»...

You may provide a definition with
\DeclareUnicodeCharacter 


! Package inputenc Error: Unicode character ç”¨ (U+7528)
(inputenc)                not set up for use with LaTeX.

See the inputenc package documentation for explanation.
Type  H <return>  for immediate help.
 ...                                              
                                                  
l.3 ...€)ã€‚ åŸºäºè´¨é‡è¡¨çš„æ ¸å­ç›¸äº’ä½œç”¨
                                                  çš„ç ”ç©¶ï¼Œå¯¹äºæˆ‘ä»¬ç ...

You may provide a definition with
\DeclareUnicodeCharacter 


! Package inputenc Error: Unicode character çš„ (U+7684)
(inputenc)                not set up for use with LaTeX.

See the inputenc package documentation for explanation.
Type  H <return>  for immediate help.
 ...                                              
                                                  
l.3 ...ã€‚ åŸºäºè´¨é‡è¡¨çš„æ ¸å­ç›¸äº’ä½œç”¨çš„
                                                  ç ”ç©¶ï¼Œå¯¹äºæˆ‘ä»¬ç ”ç©...

You may provide a definition with
\DeclareUnicodeCharacter 


! Package inputenc Error: Unicode character ç ” (U+7814)
(inputenc)                not set up for use with LaTeX.

See the inputenc package documentation for explanation.
Type  H <return>  for immediate help.
 ...                                              
                                                  
l.3 ... åŸºäºè´¨é‡è¡¨çš„æ ¸å­ç›¸äº’ä½œç”¨çš„ç ”
                                                  ç©¶ï¼Œå¯¹äºæˆ‘ä»¬ç ”ç©¶å...

You may provide a definition with
\DeclareUnicodeCharacter 


! Package inputenc Error: Unicode character ç©¶ (U+7A76)
(inputenc)                not set up for use with LaTeX.

See the inputenc package documentation for explanation.
Type  H <return>  for immediate help.
 ...                                              
                                                  
l.3 ...ºäºè´¨é‡è¡¨çš„æ ¸å­ç›¸äº’ä½œç”¨çš„ç ”ç©¶
                                                  ï¼Œå¯¹äºæˆ‘ä»¬ç ”ç©¶åŸå­...

You may provide a definition with
\DeclareUnicodeCharacter 


! Package inputenc Error: Unicode character ï¼Œ (U+FF0C)
(inputenc)                not set up for use with LaTeX.

See the inputenc package documentation for explanation.
Type  H <return>  for immediate help.
 ...                                              
                                                  
l.3 ...è´¨é‡è¡¨çš„æ ¸å­ç›¸äº’ä½œç”¨çš„ç ”ç©¶ï¼Œ
                                                  å¯¹äºæˆ‘ä»¬ç ”ç©¶åŸå­æ ...

You may provide a definition with
\DeclareUnicodeCharacter 


! Package inputenc Error: Unicode character å¯¹ (U+5BF9)
(inputenc)                not set up for use with LaTeX.

See the inputenc package documentation for explanation.
Type  H <return>  for immediate help.
 ...                                              
                                                  
l.3 ...¨é‡è¡¨çš„æ ¸å­ç›¸äº’ä½œç”¨çš„ç ”ç©¶ï¼Œå¯¹
                                                  äºæˆ‘ä»¬ç ”ç©¶åŸå­æ ¸åœ...

You may provide a definition with
\DeclareUnicodeCharacter 


! Package inputenc Error: Unicode character äº (U+4E8E)
(inputenc)                not set up for use with LaTeX.

See the inputenc package documentation for explanation.
Type  H <return>  for immediate help.
 ...                                              
                                                  
l.3 ...è¡¨çš„æ ¸å­ç›¸äº’ä½œç”¨çš„ç ”ç©¶ï¼Œå¯¹äº
                                                  æˆ‘ä»¬ç ”ç©¶åŸå­æ ¸åœ¨å...

You may provide a definition with
\DeclareUnicodeCharacter 


! Package inputenc Error: Unicode character æˆ‘ (U+6211)
(inputenc)                not set up for use with LaTeX.

See the inputenc package documentation for explanation.
Type  H <return>  for immediate help.
 ...                                              
                                                  
l.3 ...¨çš„æ ¸å­ç›¸äº’ä½œç”¨çš„ç ”ç©¶ï¼Œå¯¹äºæˆ‘
                                                  ä»¬ç ”ç©¶åŸå­æ ¸åœ¨åŒä½...

You may provide a definition with
\DeclareUnicodeCharacter 


! Package inputenc Error: Unicode character ä»¬ (U+4EEC)
(inputenc)                not set up for use with LaTeX.

See the inputenc package documentation for explanation.
Type  H <return>  for immediate help.
 ...                                              
                                                  
l.3 ...„æ ¸å­ç›¸äº’ä½œç”¨çš„ç ”ç©¶ï¼Œå¯¹äºæˆ‘ä»¬
                                                  ç ”ç©¶åŸå­æ ¸åœ¨åŒä½æ—...

You may provide a definition with
\DeclareUnicodeCharacter 


! Package inputenc Error: Unicode character ç ” (U+7814)
(inputenc)                not set up for use with LaTeX.

See the inputenc package documentation for explanation.
Type  H <return>  for immediate help.
 ...                                              
                                                  
l.3 ...¸å­ç›¸äº’ä½œç”¨çš„ç ”ç©¶ï¼Œå¯¹äºæˆ‘ä»¬ç ”
                                                  ç©¶åŸå­æ ¸åœ¨åŒä½æ—‹è‡...

You may provide a definition with
\DeclareUnicodeCharacter 


! Package inputenc Error: Unicode character ç©¶ (U+7A76)
(inputenc)                not set up for use with LaTeX.

See the inputenc package documentation for explanation.
Type  H <return>  for immediate help.
 ...                                              
                                                  
l.3 ...ç›¸äº’ä½œç”¨çš„ç ”ç©¶ï¼Œå¯¹äºæˆ‘ä»¬ç ”ç©¶
                                                  åŸå­æ ¸åœ¨åŒä½æ—‹è‡ªç”...

You may provide a definition with
\DeclareUnicodeCharacter 


! Package inputenc Error: Unicode character åŸ (U+539F)
(inputenc)                not set up for use with LaTeX.

See the inputenc package documentation for explanation.
Type  H <return>  for immediate help.
 ...                                              
                                                  
l.3 ...¸äº’ä½œç”¨çš„ç ”ç©¶ï¼Œå¯¹äºæˆ‘ä»¬ç ”ç©¶åŸ
                                                  å­æ ¸åœ¨åŒä½æ—‹è‡ªç”±åº...

You may provide a definition with
\DeclareUnicodeCharacter 


! Package inputenc Error: Unicode character å­ (U+5B50)
(inputenc)                not set up for use with LaTeX.

See the inputenc package documentation for explanation.
Type  H <return>  for immediate help.
 ...                                              
                                                  
l.3 ...’ä½œç”¨çš„ç ”ç©¶ï¼Œå¯¹äºæˆ‘ä»¬ç ”ç©¶åŸå­
                                                  æ ¸åœ¨åŒä½æ—‹è‡ªç”±åº¦ä¸...

You may provide a definition with
\DeclareUnicodeCharacter 


! Package inputenc Error: Unicode character æ ¸ (U+6838)
(inputenc)                not set up for use with LaTeX.

See the inputenc package documentation for explanation.
Type  H <return>  for immediate help.
 ...                                              
                                                  
l.3 ...œç”¨çš„ç ”ç©¶ï¼Œå¯¹äºæˆ‘ä»¬ç ”ç©¶åŸå­æ ¸
                                                  åœ¨åŒä½æ—‹è‡ªç”±åº¦ä¸Šçš...

You may provide a definition with
\DeclareUnicodeCharacter 


! Package inputenc Error: Unicode character åœ¨ (U+5728)
(inputenc)                not set up for use with LaTeX.

See the inputenc package documentation for explanation.
Type  H <return>  for immediate help.
 ...                                              
                                                  
l.3 ...¨çš„ç ”ç©¶ï¼Œå¯¹äºæˆ‘ä»¬ç ”ç©¶åŸå­æ ¸åœ¨
                                                  åŒä½æ—‹è‡ªç”±åº¦ä¸Šçš„ç‰...

You may provide a definition with
\DeclareUnicodeCharacter 


! Package inputenc Error: Unicode character åŒ (U+540C)
(inputenc)                not set up for use with LaTeX.

See the inputenc package documentation for explanation.
Type  H <return>  for immediate help.
 ...                                              
                                                  
l.3 ...„ç ”ç©¶ï¼Œå¯¹äºæˆ‘ä»¬ç ”ç©¶åŸå­æ ¸åœ¨åŒ
                                                  ä½æ—‹è‡ªç”±åº¦ä¸Šçš„ç‰¹å¾...

You may provide a definition with
\DeclareUnicodeCharacter 


! Package inputenc Error: Unicode character ä½ (U+4F4D)
(inputenc)                not set up for use with LaTeX.

See the inputenc package documentation for explanation.
Type  H <return>  for immediate help.
 ...                                              
                                                  
l.3 ...”ç©¶ï¼Œå¯¹äºæˆ‘ä»¬ç ”ç©¶åŸå­æ ¸åœ¨åŒä½
                                                  æ—‹è‡ªç”±åº¦ä¸Šçš„ç‰¹å¾é...

You may provide a definition with
\DeclareUnicodeCharacter 


! Package inputenc Error: Unicode character æ—‹ (U+65CB)
(inputenc)                not set up for use with LaTeX.

See the inputenc package documentation for explanation.
Type  H <return>  for immediate help.
 ...                                              
                                                  
l.3 ...¶ï¼Œå¯¹äºæˆ‘ä»¬ç ”ç©¶åŸå­æ ¸åœ¨åŒä½æ—‹
                                                  è‡ªç”±åº¦ä¸Šçš„ç‰¹å¾éå¸...

You may provide a definition with
\DeclareUnicodeCharacter 


! Package inputenc Error: Unicode character è‡ª (U+81EA)
(inputenc)                not set up for use with LaTeX.

See the inputenc package documentation for explanation.
Type  H <return>  for immediate help.
 ...                                              
                                                  
l.3 ...Œå¯¹äºæˆ‘ä»¬ç ”ç©¶åŸå­æ ¸åœ¨åŒä½æ—‹è‡ª
                                                  ç”±åº¦ä¸Šçš„ç‰¹å¾éå¸¸é‡...

You may provide a definition with
\DeclareUnicodeCharacter 


! Package inputenc Error: Unicode character ç”± (U+7531)
(inputenc)                not set up for use with LaTeX.

See the inputenc package documentation for explanation.
Type  H <return>  for immediate help.
 ...                                              
                                                  
l.3 ...¹äºæˆ‘ä»¬ç ”ç©¶åŸå­æ ¸åœ¨åŒä½æ—‹è‡ªç”±
                                                  åº¦ä¸Šçš„ç‰¹å¾éå¸¸é‡è¦...

You may provide a definition with
\DeclareUnicodeCharacter 


! Package inputenc Error: Unicode character åº¦ (U+5EA6)
(inputenc)                not set up for use with LaTeX.

See the inputenc package documentation for explanation.
Type  H <return>  for immediate help.
 ...                                              
                                                  
l.3 ...æˆ‘ä»¬ç ”ç©¶åŸå­æ ¸åœ¨åŒä½æ—‹è‡ªç”±åº¦
                                                  ä¸Šçš„ç‰¹å¾éå¸¸é‡è¦ï¼...

You may provide a definition with
\DeclareUnicodeCharacter 


! Package inputenc Error: Unicode character ä¸Š (U+4E0A)
(inputenc)                not set up for use with LaTeX.

See the inputenc package documentation for explanation.
Type  H <return>  for immediate help.
 ...                                              
                                                  
l.3 ...‘ä»¬ç ”ç©¶åŸå­æ ¸åœ¨åŒä½æ—‹è‡ªç”±åº¦ä¸Š
                                                  çš„ç‰¹å¾éå¸¸é‡è¦ï¼Œ ç...
(That makes 100 errors; please try again.) 
Here is how much of TeX's memory you used:
 53 strings out of 492623
 609 string characters out of 6133290
 57547 words of memory out of 5000000
 4065 multiletter control sequences out of 15000+600000
 3640 words of font info for 14 fonts, out of 8000000 for 9000
 1141 hyphenation exceptions out of 8191
 11i,0n,11p,966b,28s stack positions out of 5000i,500n,10000p,200000b,80000s

!  ==> Fatal error occurred, no output PDF file produced!
